{"/Users/daniel/Documents/DEV/transactions-manager/src/index.tsx": {"path":"/Users/daniel/Documents/DEV/transactions-manager/src/index.tsx","statementMap":{"0":{"start":{"line":11,"column":22},"end":{"line":20,"column":1}},"1":{"start":{"line":12,"column":2},"end":{"line":19,"column":4}}},"fnMap":{"0":{"name":"(anonymous_0)","decl":{"start":{"line":11,"column":22},"end":{"line":11,"column":23}},"loc":{"start":{"line":11,"column":28},"end":{"line":20,"column":1}},"line":11}},"branchMap":{},"s":{"0":2,"1":2},"f":{"0":2},"b":{},"_coverageSchema":"1a1c01bbd47fc00a2c39e90264f33305004495a9","hash":"e6b26f0c6a383dbbcf03a8f68ca18a96aefd4c50"}
,"/Users/daniel/Documents/DEV/transactions-manager/src/assets/index.ts": {"path":"/Users/daniel/Documents/DEV/transactions-manager/src/assets/index.ts","statementMap":{},"fnMap":{},"branchMap":{},"s":{},"f":{},"b":{},"_coverageSchema":"1a1c01bbd47fc00a2c39e90264f33305004495a9","hash":"bea36eecab76fbc2e76e4dfc35bdba33bdfaca74"}
,"/Users/daniel/Documents/DEV/transactions-manager/src/assets/logo.png": {"path":"/Users/daniel/Documents/DEV/transactions-manager/src/assets/logo.png","statementMap":{"0":{"start":{"line":1,"column":0},"end":{"line":4,"column":6}}},"fnMap":{},"branchMap":{},"s":{"0":2},"f":{},"b":{},"inputSourceMap":null,"_coverageSchema":"1a1c01bbd47fc00a2c39e90264f33305004495a9","hash":"89465a9d5a84ea83bae9727278c165c29cba86fe"}
,"/Users/daniel/Documents/DEV/transactions-manager/src/components/index.ts": {"path":"/Users/daniel/Documents/DEV/transactions-manager/src/components/index.ts","statementMap":{},"fnMap":{},"branchMap":{},"s":{},"f":{},"b":{},"_coverageSchema":"1a1c01bbd47fc00a2c39e90264f33305004495a9","hash":"3a0ce275a586733bacd4d6ac84f2ecd54cdaa49e"}
,"/Users/daniel/Documents/DEV/transactions-manager/src/components/KeyboardAvoidingView/index.tsx": {"path":"/Users/daniel/Documents/DEV/transactions-manager/src/components/KeyboardAvoidingView/index.tsx","statementMap":{"0":{"start":{"line":10,"column":46},"end":{"line":19,"column":1}},"1":{"start":{"line":11,"column":2},"end":{"line":18,"column":4}}},"fnMap":{"0":{"name":"(anonymous_0)","decl":{"start":{"line":10,"column":46},"end":{"line":10,"column":47}},"loc":{"start":{"line":10,"column":79},"end":{"line":19,"column":1}},"line":10}},"branchMap":{"0":{"loc":{"start":{"line":13,"column":16},"end":{"line":13,"column":60}},"type":"cond-expr","locations":[{"start":{"line":13,"column":39},"end":{"line":13,"column":48}},{"start":{"line":13,"column":51},"end":{"line":13,"column":60}}],"line":13},"1":{"loc":{"start":{"line":14,"column":30},"end":{"line":14,"column":60}},"type":"cond-expr","locations":[{"start":{"line":14,"column":54},"end":{"line":14,"column":56}},{"start":{"line":14,"column":59},"end":{"line":14,"column":60}}],"line":14},"2":{"loc":{"start":{"line":15,"column":40},"end":{"line":15,"column":76}},"type":"binary-expr","locations":[{"start":{"line":15,"column":40},"end":{"line":15,"column":55}},{"start":{"line":15,"column":59},"end":{"line":15,"column":76}}],"line":15}},"s":{"0":4,"1":1},"f":{"0":1},"b":{"0":[1,0],"1":[1,0],"2":[1,1]},"_coverageSchema":"1a1c01bbd47fc00a2c39e90264f33305004495a9","hash":"df28507befebd8d9bbd2afa0754e417e3d2908c2"}
,"/Users/daniel/Documents/DEV/transactions-manager/src/components/LeftHeaderIcon/index.tsx": {"path":"/Users/daniel/Documents/DEV/transactions-manager/src/components/LeftHeaderIcon/index.tsx","statementMap":{"0":{"start":{"line":8,"column":18},"end":{"line":10,"column":1}},"1":{"start":{"line":12,"column":33},"end":{"line":23,"column":1}},"2":{"start":{"line":13,"column":2},"end":{"line":22,"column":4}},"3":{"start":{"line":17,"column":21},"end":{"line":17,"column":40}}},"fnMap":{"0":{"name":"(anonymous_0)","decl":{"start":{"line":12,"column":33},"end":{"line":12,"column":34}},"loc":{"start":{"line":12,"column":51},"end":{"line":23,"column":1}},"line":12},"1":{"name":"(anonymous_1)","decl":{"start":{"line":17,"column":15},"end":{"line":17,"column":16}},"loc":{"start":{"line":17,"column":21},"end":{"line":17,"column":40}},"line":17}},"branchMap":{},"s":{"0":4,"1":4,"2":1,"3":1},"f":{"0":1,"1":1},"b":{},"_coverageSchema":"1a1c01bbd47fc00a2c39e90264f33305004495a9","hash":"7c5c80a3e8c29dc6dd3c0befbb0bfd26302e8df2"}
,"/Users/daniel/Documents/DEV/transactions-manager/src/components/StepIndicator/index.tsx": {"path":"/Users/daniel/Documents/DEV/transactions-manager/src/components/StepIndicator/index.tsx","statementMap":{"0":{"start":{"line":13,"column":44},"end":{"line":37,"column":1}},"1":{"start":{"line":18,"column":2},"end":{"line":36,"column":4}}},"fnMap":{"0":{"name":"(anonymous_0)","decl":{"start":{"line":13,"column":44},"end":{"line":13,"column":45}},"loc":{"start":{"line":17,"column":6},"end":{"line":37,"column":1}},"line":17}},"branchMap":{"0":{"loc":{"start":{"line":22,"column":19},"end":{"line":22,"column":33}},"type":"binary-expr","locations":[{"start":{"line":22,"column":19},"end":{"line":22,"column":28}},{"start":{"line":22,"column":32},"end":{"line":22,"column":33}}],"line":22}},"s":{"0":4,"1":37},"f":{"0":37},"b":{"0":[37,37]},"_coverageSchema":"1a1c01bbd47fc00a2c39e90264f33305004495a9","hash":"9492d00daa101a960643a6d7041e766f9e45b7de"}
,"/Users/daniel/Documents/DEV/transactions-manager/src/components/StepIndicator/styles.ts": {"path":"/Users/daniel/Documents/DEV/transactions-manager/src/components/StepIndicator/styles.ts","statementMap":{"0":{"start":{"line":3,"column":25},"end":{"line":5,"column":1}}},"fnMap":{},"branchMap":{},"s":{"0":4},"f":{},"b":{},"_coverageSchema":"1a1c01bbd47fc00a2c39e90264f33305004495a9","hash":"dd2f8f41e6d35a824848becbe71d7aa290ffbc32"}
,"/Users/daniel/Documents/DEV/transactions-manager/src/contexts/user.tsx": {"path":"/Users/daniel/Documents/DEV/transactions-manager/src/contexts/user.tsx","statementMap":{"0":{"start":{"line":28,"column":20},"end":{"line":28,"column":65}},"1":{"start":{"line":30,"column":31},"end":{"line":53,"column":1}},"2":{"start":{"line":31,"column":26},"end":{"line":31,"column":53}},"3":{"start":{"line":32,"column":42},"end":{"line":32,"column":79}},"4":{"start":{"line":34,"column":4},"end":{"line":34,"column":23}},"5":{"start":{"line":38,"column":4},"end":{"line":38,"column":59}},"6":{"start":{"line":39,"column":4},"end":{"line":39,"column":15}},"7":{"start":{"line":42,"column":2},"end":{"line":52,"column":4}},"8":{"start":{"line":56,"column":18},"end":{"line":56,"column":41}},"9":{"start":{"line":58,"column":2},"end":{"line":60,"column":3}},"10":{"start":{"line":59,"column":4},"end":{"line":59,"column":68}},"11":{"start":{"line":62,"column":2},"end":{"line":62,"column":17}}},"fnMap":{"0":{"name":"(anonymous_0)","decl":{"start":{"line":30,"column":31},"end":{"line":30,"column":32}},"loc":{"start":{"line":30,"column":47},"end":{"line":53,"column":1}},"line":30},"1":{"name":"setContextTransactions","decl":{"start":{"line":33,"column":17},"end":{"line":33,"column":39}},"loc":{"start":{"line":33,"column":59},"end":{"line":35,"column":3}},"line":33},"2":{"name":"setContextUser","decl":{"start":{"line":37,"column":17},"end":{"line":37,"column":31}},"loc":{"start":{"line":37,"column":41},"end":{"line":40,"column":3}},"line":37},"3":{"name":"useUser","decl":{"start":{"line":55,"column":9},"end":{"line":55,"column":16}},"loc":{"start":{"line":55,"column":19},"end":{"line":63,"column":1}},"line":55}},"branchMap":{"0":{"loc":{"start":{"line":58,"column":2},"end":{"line":60,"column":3}},"type":"if","locations":[{"start":{"line":58,"column":2},"end":{"line":60,"column":3}},{"start":{"line":58,"column":2},"end":{"line":60,"column":3}}],"line":58}},"s":{"0":5,"1":5,"2":2,"3":2,"4":0,"5":0,"6":0,"7":2,"8":54,"9":54,"10":0,"11":54},"f":{"0":2,"1":0,"2":0,"3":54},"b":{"0":[0,54]},"_coverageSchema":"1a1c01bbd47fc00a2c39e90264f33305004495a9","hash":"4f3b9e250bd683383702aae9d2b23d828d5c8267"}
,"/Users/daniel/Documents/DEV/transactions-manager/src/helpers/flashMessage.ts": {"path":"/Users/daniel/Documents/DEV/transactions-manager/src/helpers/flashMessage.ts","statementMap":{"0":{"start":{"line":3,"column":32},"end":{"line":11,"column":1}},"1":{"start":{"line":4,"column":2},"end":{"line":10,"column":5}},"2":{"start":{"line":13,"column":30},"end":{"line":21,"column":1}},"3":{"start":{"line":14,"column":2},"end":{"line":20,"column":5}}},"fnMap":{"0":{"name":"(anonymous_0)","decl":{"start":{"line":3,"column":32},"end":{"line":3,"column":33}},"loc":{"start":{"line":3,"column":75},"end":{"line":11,"column":1}},"line":3},"1":{"name":"(anonymous_1)","decl":{"start":{"line":13,"column":30},"end":{"line":13,"column":31}},"loc":{"start":{"line":13,"column":73},"end":{"line":21,"column":1}},"line":13}},"branchMap":{},"s":{"0":5,"1":0,"2":5,"3":0},"f":{"0":0,"1":0},"b":{},"_coverageSchema":"1a1c01bbd47fc00a2c39e90264f33305004495a9","hash":"46d4d46b617a73f68506ed78083d83678169870e"}
,"/Users/daniel/Documents/DEV/transactions-manager/src/helpers/isValidCpf.ts": {"path":"/Users/daniel/Documents/DEV/transactions-manager/src/helpers/isValidCpf.ts","statementMap":{"0":{"start":{"line":1,"column":19},"end":{"line":34,"column":1}},"1":{"start":{"line":2,"column":2},"end":{"line":2,"column":44}},"2":{"start":{"line":2,"column":31},"end":{"line":2,"column":44}},"3":{"start":{"line":3,"column":2},"end":{"line":3,"column":38}},"4":{"start":{"line":4,"column":2},"end":{"line":19,"column":3}},"5":{"start":{"line":18,"column":4},"end":{"line":18,"column":17}},"6":{"start":{"line":20,"column":13},"end":{"line":20,"column":14}},"7":{"start":{"line":22,"column":2},"end":{"line":23,"column":63}},"8":{"start":{"line":22,"column":15},"end":{"line":22,"column":16}},"9":{"start":{"line":23,"column":4},"end":{"line":23,"column":63}},"10":{"start":{"line":24,"column":2},"end":{"line":24,"column":27}},"11":{"start":{"line":25,"column":2},"end":{"line":25,"column":44}},"12":{"start":{"line":25,"column":34},"end":{"line":25,"column":44}},"13":{"start":{"line":26,"column":2},"end":{"line":26,"column":60}},"14":{"start":{"line":26,"column":47},"end":{"line":26,"column":60}},"15":{"start":{"line":27,"column":2},"end":{"line":27,"column":11}},"16":{"start":{"line":28,"column":2},"end":{"line":29,"column":63}},"17":{"start":{"line":28,"column":15},"end":{"line":28,"column":16}},"18":{"start":{"line":29,"column":4},"end":{"line":29,"column":63}},"19":{"start":{"line":30,"column":2},"end":{"line":30,"column":27}},"20":{"start":{"line":31,"column":2},"end":{"line":31,"column":44}},"21":{"start":{"line":31,"column":34},"end":{"line":31,"column":44}},"22":{"start":{"line":32,"column":2},"end":{"line":32,"column":61}},"23":{"start":{"line":32,"column":48},"end":{"line":32,"column":61}},"24":{"start":{"line":33,"column":2},"end":{"line":33,"column":14}}},"fnMap":{"0":{"name":"(anonymous_0)","decl":{"start":{"line":1,"column":19},"end":{"line":1,"column":20}},"loc":{"start":{"line":1,"column":36},"end":{"line":34,"column":1}},"line":1}},"branchMap":{"0":{"loc":{"start":{"line":2,"column":2},"end":{"line":2,"column":44}},"type":"if","locations":[{"start":{"line":2,"column":2},"end":{"line":2,"column":44}},{"start":{"line":2,"column":2},"end":{"line":2,"column":44}}],"line":2},"1":{"loc":{"start":{"line":4,"column":2},"end":{"line":19,"column":3}},"type":"if","locations":[{"start":{"line":4,"column":2},"end":{"line":19,"column":3}},{"start":{"line":4,"column":2},"end":{"line":19,"column":3}}],"line":4},"2":{"loc":{"start":{"line":5,"column":4},"end":{"line":16,"column":24}},"type":"binary-expr","locations":[{"start":{"line":5,"column":4},"end":{"line":5,"column":8}},{"start":{"line":6,"column":4},"end":{"line":6,"column":20}},{"start":{"line":7,"column":4},"end":{"line":7,"column":24}},{"start":{"line":8,"column":4},"end":{"line":8,"column":24}},{"start":{"line":9,"column":4},"end":{"line":9,"column":24}},{"start":{"line":10,"column":4},"end":{"line":10,"column":24}},{"start":{"line":11,"column":4},"end":{"line":11,"column":24}},{"start":{"line":12,"column":4},"end":{"line":12,"column":24}},{"start":{"line":13,"column":4},"end":{"line":13,"column":24}},{"start":{"line":14,"column":4},"end":{"line":14,"column":24}},{"start":{"line":15,"column":4},"end":{"line":15,"column":24}},{"start":{"line":16,"column":4},"end":{"line":16,"column":24}}],"line":5},"3":{"loc":{"start":{"line":25,"column":2},"end":{"line":25,"column":44}},"type":"if","locations":[{"start":{"line":25,"column":2},"end":{"line":25,"column":44}},{"start":{"line":25,"column":2},"end":{"line":25,"column":44}}],"line":25},"4":{"loc":{"start":{"line":25,"column":6},"end":{"line":25,"column":32}},"type":"binary-expr","locations":[{"start":{"line":25,"column":6},"end":{"line":25,"column":17}},{"start":{"line":25,"column":21},"end":{"line":25,"column":32}}],"line":25},"5":{"loc":{"start":{"line":26,"column":2},"end":{"line":26,"column":60}},"type":"if","locations":[{"start":{"line":26,"column":2},"end":{"line":26,"column":60}},{"start":{"line":26,"column":2},"end":{"line":26,"column":60}}],"line":26},"6":{"loc":{"start":{"line":31,"column":2},"end":{"line":31,"column":44}},"type":"if","locations":[{"start":{"line":31,"column":2},"end":{"line":31,"column":44}},{"start":{"line":31,"column":2},"end":{"line":31,"column":44}}],"line":31},"7":{"loc":{"start":{"line":31,"column":6},"end":{"line":31,"column":32}},"type":"binary-expr","locations":[{"start":{"line":31,"column":6},"end":{"line":31,"column":17}},{"start":{"line":31,"column":21},"end":{"line":31,"column":32}}],"line":31},"8":{"loc":{"start":{"line":32,"column":2},"end":{"line":32,"column":61}},"type":"if","locations":[{"start":{"line":32,"column":2},"end":{"line":32,"column":61}},{"start":{"line":32,"column":2},"end":{"line":32,"column":61}}],"line":32}},"s":{"0":5,"1":10,"2":0,"3":10,"4":10,"5":0,"6":10,"7":10,"8":10,"9":90,"10":10,"11":10,"12":0,"13":10,"14":0,"15":10,"16":10,"17":10,"18":100,"19":10,"20":10,"21":0,"22":10,"23":3,"24":7},"f":{"0":10},"b":{"0":[0,10],"1":[0,10],"2":[10,10,10,10,10,10,10,10,10,10,10,10],"3":[0,10],"4":[10,10],"5":[0,10],"6":[0,10],"7":[10,10],"8":[3,7]},"_coverageSchema":"1a1c01bbd47fc00a2c39e90264f33305004495a9","hash":"a550d0c08f9f008ac71150b5f75b4ff3656e6509"}
,"/Users/daniel/Documents/DEV/transactions-manager/src/helpers/removeFalsy.ts": {"path":"/Users/daniel/Documents/DEV/transactions-manager/src/helpers/removeFalsy.ts","statementMap":{"0":{"start":{"line":1,"column":20},"end":{"line":9,"column":1}},"1":{"start":{"line":2,"column":15},"end":{"line":2,"column":17}},"2":{"start":{"line":3,"column":2},"end":{"line":7,"column":5}},"3":{"start":{"line":4,"column":4},"end":{"line":6,"column":5}},"4":{"start":{"line":5,"column":6},"end":{"line":5,"column":31}},"5":{"start":{"line":8,"column":2},"end":{"line":8,"column":16}}},"fnMap":{"0":{"name":"(anonymous_0)","decl":{"start":{"line":1,"column":20},"end":{"line":1,"column":21}},"loc":{"start":{"line":1,"column":37},"end":{"line":9,"column":1}},"line":1},"1":{"name":"(anonymous_1)","decl":{"start":{"line":3,"column":27},"end":{"line":3,"column":28}},"loc":{"start":{"line":3,"column":35},"end":{"line":7,"column":3}},"line":3}},"branchMap":{"0":{"loc":{"start":{"line":4,"column":4},"end":{"line":6,"column":5}},"type":"if","locations":[{"start":{"line":4,"column":4},"end":{"line":6,"column":5}},{"start":{"line":4,"column":4},"end":{"line":6,"column":5}}],"line":4}},"s":{"0":5,"1":19,"2":19,"3":66,"4":9,"5":19},"f":{"0":19,"1":66},"b":{"0":[9,57]},"_coverageSchema":"1a1c01bbd47fc00a2c39e90264f33305004495a9","hash":"6ad5c4c4772c1a4c53db6aff3d6c059d4b5cd3aa"}
,"/Users/daniel/Documents/DEV/transactions-manager/src/helpers/resetScreen.ts": {"path":"/Users/daniel/Documents/DEV/transactions-manager/src/helpers/resetScreen.ts","statementMap":{"0":{"start":{"line":3,"column":26},"end":{"line":7,"column":4}},"1":{"start":{"line":4,"column":2},"end":{"line":7,"column":4}}},"fnMap":{"0":{"name":"(anonymous_0)","decl":{"start":{"line":3,"column":26},"end":{"line":3,"column":27}},"loc":{"start":{"line":4,"column":2},"end":{"line":7,"column":4}},"line":4}},"branchMap":{},"s":{"0":4,"1":0},"f":{"0":0},"b":{},"_coverageSchema":"1a1c01bbd47fc00a2c39e90264f33305004495a9","hash":"88a936abdfa7e6368f273755d73da86964253a2e"}
,"/Users/daniel/Documents/DEV/transactions-manager/src/locales/brazilianPortuguese.ts": {"path":"/Users/daniel/Documents/DEV/transactions-manager/src/locales/brazilianPortuguese.ts","statementMap":{"0":{"start":{"line":1,"column":28},"end":{"line":25,"column":1}}},"fnMap":{},"branchMap":{},"s":{"0":6},"f":{},"b":{},"_coverageSchema":"1a1c01bbd47fc00a2c39e90264f33305004495a9","hash":"34893127eb901472473a451e2d057d4399ba213a"}
,"/Users/daniel/Documents/DEV/transactions-manager/src/locales/english.ts": {"path":"/Users/daniel/Documents/DEV/transactions-manager/src/locales/english.ts","statementMap":{"0":{"start":{"line":1,"column":16},"end":{"line":17,"column":1}}},"fnMap":{},"branchMap":{},"s":{"0":6},"f":{},"b":{},"_coverageSchema":"1a1c01bbd47fc00a2c39e90264f33305004495a9","hash":"5fb1450c86d0dc1ce3e1d8bd3168028f414f674e"}
,"/Users/daniel/Documents/DEV/transactions-manager/src/locales/index.tsx": {"path":"/Users/daniel/Documents/DEV/transactions-manager/src/locales/index.tsx","statementMap":{"0":{"start":{"line":7,"column":27},"end":{"line":10,"column":1}},"1":{"start":{"line":12,"column":25},"end":{"line":20,"column":1}},"2":{"start":{"line":13,"column":27},"end":{"line":13,"column":31}},"3":{"start":{"line":14,"column":17},"end":{"line":14,"column":32}},"4":{"start":{"line":15,"column":33},"end":{"line":17,"column":45}},"5":{"start":{"line":18,"column":25},"end":{"line":18,"column":67}},"6":{"start":{"line":19,"column":2},"end":{"line":19,"column":22}}},"fnMap":{"0":{"name":"(anonymous_0)","decl":{"start":{"line":12,"column":25},"end":{"line":12,"column":26}},"loc":{"start":{"line":12,"column":43},"end":{"line":20,"column":1}},"line":12}},"branchMap":{"0":{"loc":{"start":{"line":15,"column":33},"end":{"line":17,"column":45}},"type":"cond-expr","locations":[{"start":{"line":16,"column":6},"end":{"line":16,"column":42}},{"start":{"line":17,"column":6},"end":{"line":17,"column":45}}],"line":15},"1":{"loc":{"start":{"line":19,"column":9},"end":{"line":19,"column":21}},"type":"binary-expr","locations":[{"start":{"line":19,"column":9},"end":{"line":19,"column":15}},{"start":{"line":19,"column":19},"end":{"line":19,"column":21}}],"line":19}},"s":{"0":6,"1":6,"2":147,"3":147,"4":147,"5":147,"6":147},"f":{"0":147},"b":{"0":[147,0],"1":[147,0]},"_coverageSchema":"1a1c01bbd47fc00a2c39e90264f33305004495a9","hash":"4754fcc3085a5c789d313ac26e8976b9bc5d7f63"}
,"/Users/daniel/Documents/DEV/transactions-manager/src/routes/index.tsx": {"path":"/Users/daniel/Documents/DEV/transactions-manager/src/routes/index.tsx","statementMap":{"0":{"start":{"line":19,"column":14},"end":{"line":19,"column":40}},"1":{"start":{"line":21,"column":2},"end":{"line":56,"column":4}},"2":{"start":{"line":36,"column":35},"end":{"line":36,"column":79}},"3":{"start":{"line":44,"column":12},"end":{"line":44,"column":57}},"4":{"start":{"line":52,"column":35},"end":{"line":52,"column":78}},"5":{"start":{"line":59,"column":25},"end":{"line":92,"column":1}},"6":{"start":{"line":60,"column":16},"end":{"line":60,"column":38}},"7":{"start":{"line":61,"column":2},"end":{"line":91,"column":4}}},"fnMap":{"0":{"name":"MyTabs","decl":{"start":{"line":18,"column":9},"end":{"line":18,"column":15}},"loc":{"start":{"line":18,"column":18},"end":{"line":57,"column":1}},"line":18},"1":{"name":"(anonymous_1)","decl":{"start":{"line":36,"column":22},"end":{"line":36,"column":23}},"loc":{"start":{"line":36,"column":35},"end":{"line":36,"column":79}},"line":36},"2":{"name":"(anonymous_2)","decl":{"start":{"line":43,"column":22},"end":{"line":43,"column":23}},"loc":{"start":{"line":44,"column":12},"end":{"line":44,"column":57}},"line":44},"3":{"name":"(anonymous_3)","decl":{"start":{"line":52,"column":22},"end":{"line":52,"column":23}},"loc":{"start":{"line":52,"column":35},"end":{"line":52,"column":78}},"line":52},"4":{"name":"(anonymous_4)","decl":{"start":{"line":59,"column":25},"end":{"line":59,"column":26}},"loc":{"start":{"line":59,"column":31},"end":{"line":92,"column":1}},"line":59}},"branchMap":{},"s":{"0":0,"1":0,"2":0,"3":0,"4":0,"5":2,"6":2,"7":2},"f":{"0":0,"1":0,"2":0,"3":0,"4":2},"b":{},"_coverageSchema":"1a1c01bbd47fc00a2c39e90264f33305004495a9","hash":"15f1abdba437cdfdcf0f632e1555ac6caa77e3ae"}
,"/Users/daniel/Documents/DEV/transactions-manager/src/routes/types.ts": {"path":"/Users/daniel/Documents/DEV/transactions-manager/src/routes/types.ts","statementMap":{"0":{"start":{"line":1,"column":26},"end":{"line":7,"column":1}}},"fnMap":{},"branchMap":{},"s":{"0":5},"f":{},"b":{},"_coverageSchema":"1a1c01bbd47fc00a2c39e90264f33305004495a9","hash":"e9c71cc60cde626751b33a9dc274e1e1265c34cc"}
,"/Users/daniel/Documents/DEV/transactions-manager/src/screens/Config/index.tsx": {"path":"/Users/daniel/Documents/DEV/transactions-manager/src/screens/Config/index.tsx","statementMap":{"0":{"start":{"line":10,"column":25},"end":{"line":13,"column":1}},"1":{"start":{"line":15,"column":25},"end":{"line":29,"column":1}},"2":{"start":{"line":16,"column":23},"end":{"line":19,"column":3}},"3":{"start":{"line":17,"column":4},"end":{"line":17,"column":31}},"4":{"start":{"line":18,"column":4},"end":{"line":18,"column":44}},"5":{"start":{"line":20,"column":2},"end":{"line":28,"column":4}}},"fnMap":{"0":{"name":"(anonymous_0)","decl":{"start":{"line":15,"column":25},"end":{"line":15,"column":26}},"loc":{"start":{"line":15,"column":43},"end":{"line":29,"column":1}},"line":15},"1":{"name":"(anonymous_1)","decl":{"start":{"line":16,"column":23},"end":{"line":16,"column":24}},"loc":{"start":{"line":16,"column":35},"end":{"line":19,"column":3}},"line":16}},"branchMap":{},"s":{"0":3,"1":3,"2":1,"3":0,"4":0,"5":1},"f":{"0":1,"1":0},"b":{},"_coverageSchema":"1a1c01bbd47fc00a2c39e90264f33305004495a9","hash":"196096e7a7658ed1bd0cd663b74c49a15c83f35a"}
,"/Users/daniel/Documents/DEV/transactions-manager/src/screens/Financial/FinancialForm.tsx": {"path":"/Users/daniel/Documents/DEV/transactions-manager/src/screens/Financial/FinancialForm.tsx","statementMap":{"0":{"start":{"line":28,"column":48},"end":{"line":224,"column":1}},"1":{"start":{"line":29,"column":48},"end":{"line":29,"column":59}},"2":{"start":{"line":30,"column":57},"end":{"line":30,"column":66}},"3":{"start":{"line":32,"column":34},"end":{"line":54,"column":3}},"4":{"start":{"line":37,"column":17},"end":{"line":47,"column":5}},"5":{"start":{"line":45,"column":8},"end":{"line":45,"column":26}},"6":{"start":{"line":48,"column":4},"end":{"line":53,"column":5}},"7":{"start":{"line":49,"column":6},"end":{"line":49,"column":26}},"8":{"start":{"line":50,"column":6},"end":{"line":50,"column":37}},"9":{"start":{"line":52,"column":6},"end":{"line":52,"column":42}},"10":{"start":{"line":56,"column":70},"end":{"line":118,"column":3}},"11":{"start":{"line":65,"column":20},"end":{"line":70,"column":9}},"12":{"start":{"line":71,"column":26},"end":{"line":71,"column":48}},"13":{"start":{"line":72,"column":8},"end":{"line":72,"column":70}},"14":{"start":{"line":72,"column":50},"end":{"line":72,"column":70}},"15":{"start":{"line":73,"column":8},"end":{"line":78,"column":43}},"16":{"start":{"line":78,"column":10},"end":{"line":78,"column":43}},"17":{"start":{"line":79,"column":8},"end":{"line":84,"column":44}},"18":{"start":{"line":84,"column":10},"end":{"line":84,"column":44}},"19":{"start":{"line":85,"column":8},"end":{"line":86,"column":38}},"20":{"start":{"line":86,"column":10},"end":{"line":86,"column":38}},"21":{"start":{"line":88,"column":8},"end":{"line":88,"column":74}},"22":{"start":{"line":88,"column":52},"end":{"line":88,"column":74}},"23":{"start":{"line":89,"column":8},"end":{"line":94,"column":53}},"24":{"start":{"line":94,"column":10},"end":{"line":94,"column":53}},"25":{"start":{"line":95,"column":8},"end":{"line":95,"column":77}},"26":{"start":{"line":95,"column":55},"end":{"line":95,"column":77}},"27":{"start":{"line":96,"column":8},"end":{"line":97,"column":53}},"28":{"start":{"line":97,"column":10},"end":{"line":97,"column":53}},"29":{"start":{"line":98,"column":8},"end":{"line":102,"column":54}},"30":{"start":{"line":102,"column":10},"end":{"line":102,"column":54}},"31":{"start":{"line":103,"column":8},"end":{"line":103,"column":32}},"32":{"start":{"line":106,"column":8},"end":{"line":115,"column":9}},"33":{"start":{"line":107,"column":10},"end":{"line":111,"column":13}},"34":{"start":{"line":113,"column":10},"end":{"line":113,"column":50}},"35":{"start":{"line":114,"column":10},"end":{"line":114,"column":19}},"36":{"start":{"line":120,"column":32},"end":{"line":123,"column":3}},"37":{"start":{"line":121,"column":4},"end":{"line":121,"column":45}},"38":{"start":{"line":121,"column":38},"end":{"line":121,"column":45}},"39":{"start":{"line":122,"column":4},"end":{"line":122,"column":72}},"40":{"start":{"line":122,"column":36},"end":{"line":122,"column":72}},"41":{"start":{"line":125,"column":2},"end":{"line":223,"column":4}},"42":{"start":{"line":152,"column":34},"end":{"line":152,"column":68}}},"fnMap":{"0":{"name":"(anonymous_0)","decl":{"start":{"line":28,"column":48},"end":{"line":28,"column":49}},"loc":{"start":{"line":28,"column":73},"end":{"line":224,"column":1}},"line":28},"1":{"name":"(anonymous_1)","decl":{"start":{"line":32,"column":34},"end":{"line":32,"column":35}},"loc":{"start":{"line":36,"column":8},"end":{"line":54,"column":3}},"line":36},"2":{"name":"(anonymous_2)","decl":{"start":{"line":44,"column":6},"end":{"line":44,"column":7}},"loc":{"start":{"line":44,"column":16},"end":{"line":46,"column":7}},"line":44},"3":{"name":"(anonymous_3)","decl":{"start":{"line":64,"column":16},"end":{"line":64,"column":17}},"loc":{"start":{"line":64,"column":26},"end":{"line":104,"column":7}},"line":64},"4":{"name":"(anonymous_4)","decl":{"start":{"line":105,"column":16},"end":{"line":105,"column":17}},"loc":{"start":{"line":105,"column":26},"end":{"line":116,"column":7}},"line":105},"5":{"name":"(anonymous_5)","decl":{"start":{"line":114,"column":10},"end":{"line":114,"column":11}},"loc":{"start":{"line":114,"column":16},"end":{"line":114,"column":18}},"line":114},"6":{"name":"(anonymous_6)","decl":{"start":{"line":120,"column":32},"end":{"line":120,"column":33}},"loc":{"start":{"line":120,"column":54},"end":{"line":123,"column":3}},"line":120},"7":{"name":"(anonymous_7)","decl":{"start":{"line":152,"column":26},"end":{"line":152,"column":27}},"loc":{"start":{"line":152,"column":34},"end":{"line":152,"column":68}},"line":152}},"branchMap":{"0":{"loc":{"start":{"line":48,"column":4},"end":{"line":53,"column":5}},"type":"if","locations":[{"start":{"line":48,"column":4},"end":{"line":53,"column":5}},{"start":{"line":48,"column":4},"end":{"line":53,"column":5}}],"line":48},"1":{"loc":{"start":{"line":72,"column":8},"end":{"line":72,"column":70}},"type":"if","locations":[{"start":{"line":72,"column":8},"end":{"line":72,"column":70}},{"start":{"line":72,"column":8},"end":{"line":72,"column":70}}],"line":72},"2":{"loc":{"start":{"line":72,"column":12},"end":{"line":72,"column":48}},"type":"binary-expr","locations":[{"start":{"line":72,"column":12},"end":{"line":72,"column":33}},{"start":{"line":72,"column":37},"end":{"line":72,"column":48}}],"line":72},"3":{"loc":{"start":{"line":73,"column":8},"end":{"line":78,"column":43}},"type":"if","locations":[{"start":{"line":73,"column":8},"end":{"line":78,"column":43}},{"start":{"line":73,"column":8},"end":{"line":78,"column":43}}],"line":73},"4":{"loc":{"start":{"line":74,"column":10},"end":{"line":76,"column":32}},"type":"binary-expr","locations":[{"start":{"line":74,"column":10},"end":{"line":74,"column":31}},{"start":{"line":75,"column":10},"end":{"line":75,"column":31}},{"start":{"line":76,"column":10},"end":{"line":76,"column":32}}],"line":74},"5":{"loc":{"start":{"line":79,"column":8},"end":{"line":84,"column":44}},"type":"if","locations":[{"start":{"line":79,"column":8},"end":{"line":84,"column":44}},{"start":{"line":79,"column":8},"end":{"line":84,"column":44}}],"line":79},"6":{"loc":{"start":{"line":80,"column":10},"end":{"line":82,"column":33}},"type":"binary-expr","locations":[{"start":{"line":80,"column":10},"end":{"line":80,"column":31}},{"start":{"line":81,"column":10},"end":{"line":81,"column":34}},{"start":{"line":82,"column":10},"end":{"line":82,"column":33}}],"line":80},"7":{"loc":{"start":{"line":85,"column":8},"end":{"line":86,"column":38}},"type":"if","locations":[{"start":{"line":85,"column":8},"end":{"line":86,"column":38}},{"start":{"line":85,"column":8},"end":{"line":86,"column":38}}],"line":85},"8":{"loc":{"start":{"line":85,"column":12},"end":{"line":85,"column":56}},"type":"binary-expr","locations":[{"start":{"line":85,"column":12},"end":{"line":85,"column":33}},{"start":{"line":85,"column":37},"end":{"line":85,"column":56}}],"line":85},"9":{"loc":{"start":{"line":88,"column":8},"end":{"line":88,"column":74}},"type":"if","locations":[{"start":{"line":88,"column":8},"end":{"line":88,"column":74}},{"start":{"line":88,"column":8},"end":{"line":88,"column":74}}],"line":88},"10":{"loc":{"start":{"line":88,"column":12},"end":{"line":88,"column":50}},"type":"binary-expr","locations":[{"start":{"line":88,"column":12},"end":{"line":88,"column":33}},{"start":{"line":88,"column":37},"end":{"line":88,"column":50}}],"line":88},"11":{"loc":{"start":{"line":89,"column":8},"end":{"line":94,"column":53}},"type":"if","locations":[{"start":{"line":89,"column":8},"end":{"line":94,"column":53}},{"start":{"line":89,"column":8},"end":{"line":94,"column":53}}],"line":89},"12":{"loc":{"start":{"line":90,"column":10},"end":{"line":92,"column":35}},"type":"binary-expr","locations":[{"start":{"line":90,"column":10},"end":{"line":90,"column":31}},{"start":{"line":91,"column":10},"end":{"line":92,"column":35}}],"line":90},"13":{"loc":{"start":{"line":95,"column":8},"end":{"line":95,"column":77}},"type":"if","locations":[{"start":{"line":95,"column":8},"end":{"line":95,"column":77}},{"start":{"line":95,"column":8},"end":{"line":95,"column":77}}],"line":95},"14":{"loc":{"start":{"line":95,"column":12},"end":{"line":95,"column":53}},"type":"binary-expr","locations":[{"start":{"line":95,"column":12},"end":{"line":95,"column":33}},{"start":{"line":95,"column":37},"end":{"line":95,"column":53}}],"line":95},"15":{"loc":{"start":{"line":96,"column":8},"end":{"line":97,"column":53}},"type":"if","locations":[{"start":{"line":96,"column":8},"end":{"line":97,"column":53}},{"start":{"line":96,"column":8},"end":{"line":97,"column":53}}],"line":96},"16":{"loc":{"start":{"line":96,"column":12},"end":{"line":96,"column":63}},"type":"binary-expr","locations":[{"start":{"line":96,"column":12},"end":{"line":96,"column":33}},{"start":{"line":96,"column":37},"end":{"line":96,"column":63}}],"line":96},"17":{"loc":{"start":{"line":98,"column":8},"end":{"line":102,"column":54}},"type":"if","locations":[{"start":{"line":98,"column":8},"end":{"line":102,"column":54}},{"start":{"line":98,"column":8},"end":{"line":102,"column":54}}],"line":98},"18":{"loc":{"start":{"line":99,"column":10},"end":{"line":100,"column":53}},"type":"binary-expr","locations":[{"start":{"line":99,"column":10},"end":{"line":99,"column":31}},{"start":{"line":100,"column":10},"end":{"line":100,"column":53}}],"line":99},"19":{"loc":{"start":{"line":106,"column":8},"end":{"line":115,"column":9}},"type":"if","locations":[{"start":{"line":106,"column":8},"end":{"line":115,"column":9}},{"start":{"line":106,"column":8},"end":{"line":115,"column":9}}],"line":106},"20":{"loc":{"start":{"line":121,"column":4},"end":{"line":121,"column":45}},"type":"if","locations":[{"start":{"line":121,"column":4},"end":{"line":121,"column":45}},{"start":{"line":121,"column":4},"end":{"line":121,"column":45}}],"line":121},"21":{"loc":{"start":{"line":122,"column":4},"end":{"line":122,"column":72}},"type":"if","locations":[{"start":{"line":122,"column":4},"end":{"line":122,"column":72}},{"start":{"line":122,"column":4},"end":{"line":122,"column":72}}],"line":122},"22":{"loc":{"start":{"line":127,"column":7},"end":{"line":143,"column":7}},"type":"binary-expr","locations":[{"start":{"line":127,"column":7},"end":{"line":127,"column":28}},{"start":{"line":128,"column":8},"end":{"line":142,"column":11}}],"line":127},"23":{"loc":{"start":{"line":139,"column":11},"end":{"line":141,"column":11}},"type":"binary-expr","locations":[{"start":{"line":139,"column":11},"end":{"line":139,"column":23}},{"start":{"line":140,"column":12},"end":{"line":140,"column":70}}],"line":139},"24":{"loc":{"start":{"line":144,"column":7},"end":{"line":160,"column":7}},"type":"binary-expr","locations":[{"start":{"line":144,"column":7},"end":{"line":144,"column":28}},{"start":{"line":145,"column":8},"end":{"line":159,"column":11}}],"line":144},"25":{"loc":{"start":{"line":154,"column":11},"end":{"line":158,"column":11}},"type":"binary-expr","locations":[{"start":{"line":154,"column":11},"end":{"line":154,"column":31}},{"start":{"line":155,"column":12},"end":{"line":157,"column":24}}],"line":154},"26":{"loc":{"start":{"line":161,"column":7},"end":{"line":186,"column":7}},"type":"binary-expr","locations":[{"start":{"line":161,"column":7},"end":{"line":161,"column":28}},{"start":{"line":162,"column":8},"end":{"line":185,"column":11}}],"line":161},"27":{"loc":{"start":{"line":180,"column":11},"end":{"line":184,"column":11}},"type":"binary-expr","locations":[{"start":{"line":180,"column":11},"end":{"line":180,"column":25}},{"start":{"line":181,"column":12},"end":{"line":183,"column":24}}],"line":180},"28":{"loc":{"start":{"line":187,"column":7},"end":{"line":206,"column":7}},"type":"binary-expr","locations":[{"start":{"line":187,"column":7},"end":{"line":187,"column":28}},{"start":{"line":188,"column":8},"end":{"line":205,"column":11}}],"line":187},"29":{"loc":{"start":{"line":202,"column":11},"end":{"line":204,"column":11}},"type":"binary-expr","locations":[{"start":{"line":202,"column":11},"end":{"line":202,"column":28}},{"start":{"line":203,"column":12},"end":{"line":203,"column":80}}],"line":202}},"s":{"0":3,"1":6,"2":6,"3":6,"4":0,"5":0,"6":0,"7":0,"8":0,"9":0,"10":6,"11":2,"12":2,"13":2,"14":0,"15":2,"16":0,"17":2,"18":1,"19":2,"20":0,"21":2,"22":0,"23":2,"24":0,"25":2,"26":0,"27":2,"28":0,"29":2,"30":0,"31":2,"32":0,"33":0,"34":0,"35":0,"36":6,"37":0,"38":0,"39":0,"40":0,"41":6,"42":0},"f":{"0":6,"1":0,"2":0,"3":2,"4":0,"5":0,"6":0,"7":0},"b":{"0":[0,0],"1":[0,2],"2":[2,2],"3":[0,2],"4":[2,2,2],"5":[1,1],"6":[2,2,2],"7":[0,2],"8":[2,0],"9":[0,2],"10":[2,0],"11":[0,2],"12":[2,0],"13":[0,2],"14":[2,0],"15":[0,2],"16":[2,0],"17":[0,2],"18":[2,0],"19":[0,0],"20":[0,0],"21":[0,0],"22":[6,6],"23":[6,2],"24":[6,0],"25":[0,0],"26":[6,0],"27":[0,0],"28":[6,0],"29":[0,0]},"_coverageSchema":"1a1c01bbd47fc00a2c39e90264f33305004495a9","hash":"d973658b536cc6027fb2b7dc24d641471f84ee7c"}
,"/Users/daniel/Documents/DEV/transactions-manager/src/screens/Financial/index.tsx": {"path":"/Users/daniel/Documents/DEV/transactions-manager/src/screens/Financial/index.tsx","statementMap":{"0":{"start":{"line":13,"column":25},"end":{"line":16,"column":1}},"1":{"start":{"line":18,"column":28},"end":{"line":42,"column":1}},"2":{"start":{"line":19,"column":58},"end":{"line":19,"column":73}},"3":{"start":{"line":20,"column":2},"end":{"line":41,"column":4}},"4":{"start":{"line":27,"column":39},"end":{"line":27,"column":69}},"5":{"start":{"line":33,"column":27},"end":{"line":33,"column":73}}},"fnMap":{"0":{"name":"(anonymous_0)","decl":{"start":{"line":18,"column":28},"end":{"line":18,"column":29}},"loc":{"start":{"line":18,"column":46},"end":{"line":42,"column":1}},"line":18},"1":{"name":"(anonymous_1)","decl":{"start":{"line":27,"column":33},"end":{"line":27,"column":34}},"loc":{"start":{"line":27,"column":39},"end":{"line":27,"column":69}},"line":27},"2":{"name":"(anonymous_2)","decl":{"start":{"line":33,"column":21},"end":{"line":33,"column":22}},"loc":{"start":{"line":33,"column":27},"end":{"line":33,"column":73}},"line":33}},"branchMap":{"0":{"loc":{"start":{"line":23,"column":9},"end":{"line":38,"column":9}},"type":"cond-expr","locations":[{"start":{"line":24,"column":10},"end":{"line":29,"column":13}},{"start":{"line":31,"column":10},"end":{"line":37,"column":19}}],"line":23}},"s":{"0":3,"1":3,"2":5,"3":5,"4":1,"5":2},"f":{"0":5,"1":1,"2":2},"b":{"0":[2,3]},"_coverageSchema":"1a1c01bbd47fc00a2c39e90264f33305004495a9","hash":"92b129825233fbf748158b05a0a2af8879e9896e"}
,"/Users/daniel/Documents/DEV/transactions-manager/src/screens/Financial/styles.ts": {"path":"/Users/daniel/Documents/DEV/transactions-manager/src/screens/Financial/styles.ts","statementMap":{"0":{"start":{"line":3,"column":28},"end":{"line":5,"column":1}},"1":{"start":{"line":7,"column":26},"end":{"line":14,"column":1}},"2":{"start":{"line":9,"column":24},"end":{"line":9,"column":43}},"3":{"start":{"line":16,"column":32},"end":{"line":19,"column":1}}},"fnMap":{"0":{"name":"(anonymous_0)","decl":{"start":{"line":9,"column":11},"end":{"line":9,"column":12}},"loc":{"start":{"line":9,"column":24},"end":{"line":9,"column":43}},"line":9}},"branchMap":{},"s":{"0":3,"1":3,"2":6,"3":3},"f":{"0":6},"b":{},"_coverageSchema":"1a1c01bbd47fc00a2c39e90264f33305004495a9","hash":"bdbe05d05e945fbf6a632ccc8cf5790d18c42296"}
,"/Users/daniel/Documents/DEV/transactions-manager/src/screens/Home/index.tsx": {"path":"/Users/daniel/Documents/DEV/transactions-manager/src/screens/Home/index.tsx","statementMap":{"0":{"start":{"line":21,"column":23},"end":{"line":82,"column":1}},"1":{"start":{"line":22,"column":55},"end":{"line":22,"column":64}},"2":{"start":{"line":24,"column":2},"end":{"line":31,"column":4}},"3":{"start":{"line":26,"column":6},"end":{"line":28,"column":7}},"4":{"start":{"line":27,"column":8},"end":{"line":27,"column":79}},"5":{"start":{"line":27,"column":52},"end":{"line":27,"column":77}},"6":{"start":{"line":29,"column":6},"end":{"line":29,"column":22}},"7":{"start":{"line":33,"column":2},"end":{"line":81,"column":4}},"8":{"start":{"line":37,"column":45},"end":{"line":37,"column":70}},"9":{"start":{"line":39,"column":12},"end":{"line":64,"column":14}},"10":{"start":{"line":66,"column":36},"end":{"line":66,"column":40}},"11":{"start":{"line":68,"column":12},"end":{"line":75,"column":15}},"12":{"start":{"line":77,"column":23},"end":{"line":77,"column":30}}},"fnMap":{"0":{"name":"(anonymous_0)","decl":{"start":{"line":21,"column":23},"end":{"line":21,"column":24}},"loc":{"start":{"line":21,"column":29},"end":{"line":82,"column":1}},"line":21},"1":{"name":"(anonymous_1)","decl":{"start":{"line":25,"column":16},"end":{"line":25,"column":17}},"loc":{"start":{"line":25,"column":22},"end":{"line":30,"column":5}},"line":25},"2":{"name":"(anonymous_2)","decl":{"start":{"line":27,"column":47},"end":{"line":27,"column":48}},"loc":{"start":{"line":27,"column":52},"end":{"line":27,"column":77}},"line":27},"3":{"name":"(anonymous_3)","decl":{"start":{"line":29,"column":13},"end":{"line":29,"column":14}},"loc":{"start":{"line":29,"column":19},"end":{"line":29,"column":21}},"line":29},"4":{"name":"(anonymous_4)","decl":{"start":{"line":37,"column":35},"end":{"line":37,"column":36}},"loc":{"start":{"line":37,"column":45},"end":{"line":37,"column":70}},"line":37},"5":{"name":"(anonymous_5)","decl":{"start":{"line":38,"column":22},"end":{"line":38,"column":23}},"loc":{"start":{"line":38,"column":34},"end":{"line":65,"column":11}},"line":38},"6":{"name":"(anonymous_6)","decl":{"start":{"line":66,"column":30},"end":{"line":66,"column":31}},"loc":{"start":{"line":66,"column":36},"end":{"line":66,"column":40}},"line":66},"7":{"name":"(anonymous_7)","decl":{"start":{"line":67,"column":31},"end":{"line":67,"column":32}},"loc":{"start":{"line":68,"column":12},"end":{"line":75,"column":15}},"line":68},"8":{"name":"(anonymous_8)","decl":{"start":{"line":77,"column":15},"end":{"line":77,"column":16}},"loc":{"start":{"line":77,"column":23},"end":{"line":77,"column":30}},"line":77}},"branchMap":{"0":{"loc":{"start":{"line":26,"column":6},"end":{"line":28,"column":7}},"type":"if","locations":[{"start":{"line":26,"column":6},"end":{"line":28,"column":7}},{"start":{"line":26,"column":6},"end":{"line":28,"column":7}}],"line":26},"1":{"loc":{"start":{"line":37,"column":16},"end":{"line":37,"column":77}},"type":"binary-expr","locations":[{"start":{"line":37,"column":16},"end":{"line":37,"column":71}},{"start":{"line":37,"column":75},"end":{"line":37,"column":77}}],"line":37},"2":{"loc":{"start":{"line":45,"column":25},"end":{"line":47,"column":42}},"type":"cond-expr","locations":[{"start":{"line":46,"column":28},"end":{"line":46,"column":43}},{"start":{"line":47,"column":28},"end":{"line":47,"column":42}}],"line":45},"3":{"loc":{"start":{"line":71,"column":16},"end":{"line":71,"column":63}},"type":"cond-expr","locations":[{"start":{"line":71,"column":34},"end":{"line":71,"column":53}},{"start":{"line":71,"column":56},"end":{"line":71,"column":63}}],"line":71}},"s":{"0":2,"1":0,"2":0,"3":0,"4":0,"5":0,"6":0,"7":0,"8":0,"9":0,"10":0,"11":0,"12":0},"f":{"0":0,"1":0,"2":0,"3":0,"4":0,"5":0,"6":0,"7":0,"8":0},"b":{"0":[0,0],"1":[0,0],"2":[0,0],"3":[0,0]},"_coverageSchema":"1a1c01bbd47fc00a2c39e90264f33305004495a9","hash":"a03c5873df90067fbbedf9ef5bb8a0dbc04ae856"}
,"/Users/daniel/Documents/DEV/transactions-manager/src/screens/Home/styles.ts": {"path":"/Users/daniel/Documents/DEV/transactions-manager/src/screens/Home/styles.ts","statementMap":{"0":{"start":{"line":3,"column":25},"end":{"line":5,"column":1}},"1":{"start":{"line":7,"column":27},"end":{"line":13,"column":1}},"2":{"start":{"line":8,"column":24},"end":{"line":8,"column":43}},"3":{"start":{"line":15,"column":38},"end":{"line":21,"column":1}},"4":{"start":{"line":16,"column":24},"end":{"line":16,"column":43}},"5":{"start":{"line":23,"column":31},"end":{"line":28,"column":1}},"6":{"start":{"line":24,"column":24},"end":{"line":24,"column":43}},"7":{"start":{"line":30,"column":31},"end":{"line":34,"column":1}},"8":{"start":{"line":31,"column":24},"end":{"line":31,"column":43}},"9":{"start":{"line":36,"column":26},"end":{"line":45,"column":1}},"10":{"start":{"line":38,"column":4},"end":{"line":38,"column":38}},"11":{"start":{"line":47,"column":29},"end":{"line":51,"column":1}},"12":{"start":{"line":49,"column":35},"end":{"line":49,"column":51}},"13":{"start":{"line":53,"column":28},"end":{"line":55,"column":1}},"14":{"start":{"line":57,"column":30},"end":{"line":60,"column":1}}},"fnMap":{"0":{"name":"(anonymous_0)","decl":{"start":{"line":8,"column":11},"end":{"line":8,"column":12}},"loc":{"start":{"line":8,"column":24},"end":{"line":8,"column":43}},"line":8},"1":{"name":"(anonymous_1)","decl":{"start":{"line":16,"column":11},"end":{"line":16,"column":12}},"loc":{"start":{"line":16,"column":24},"end":{"line":16,"column":43}},"line":16},"2":{"name":"(anonymous_2)","decl":{"start":{"line":24,"column":11},"end":{"line":24,"column":12}},"loc":{"start":{"line":24,"column":24},"end":{"line":24,"column":43}},"line":24},"3":{"name":"(anonymous_3)","decl":{"start":{"line":31,"column":11},"end":{"line":31,"column":12}},"loc":{"start":{"line":31,"column":24},"end":{"line":31,"column":43}},"line":31},"4":{"name":"(anonymous_4)","decl":{"start":{"line":37,"column":22},"end":{"line":37,"column":23}},"loc":{"start":{"line":38,"column":4},"end":{"line":38,"column":38}},"line":38},"5":{"name":"(anonymous_5)","decl":{"start":{"line":49,"column":22},"end":{"line":49,"column":23}},"loc":{"start":{"line":49,"column":35},"end":{"line":49,"column":51}},"line":49}},"branchMap":{"0":{"loc":{"start":{"line":38,"column":4},"end":{"line":38,"column":38}},"type":"cond-expr","locations":[{"start":{"line":38,"column":15},"end":{"line":38,"column":26}},{"start":{"line":38,"column":29},"end":{"line":38,"column":38}}],"line":38}},"s":{"0":2,"1":2,"2":0,"3":2,"4":0,"5":2,"6":0,"7":2,"8":0,"9":2,"10":0,"11":2,"12":0,"13":2,"14":2},"f":{"0":0,"1":0,"2":0,"3":0,"4":0,"5":0},"b":{"0":[0,0]},"_coverageSchema":"1a1c01bbd47fc00a2c39e90264f33305004495a9","hash":"255bc386310fdb6143ad80d3e75d6ae43085be37"}
,"/Users/daniel/Documents/DEV/transactions-manager/src/screens/Login/LoginForm.tsx": {"path":"/Users/daniel/Documents/DEV/transactions-manager/src/screens/Login/LoginForm.tsx","statementMap":{"0":{"start":{"line":18,"column":28},"end":{"line":111,"column":1}},"1":{"start":{"line":19,"column":27},"end":{"line":19,"column":35}},"2":{"start":{"line":20,"column":27},"end":{"line":20,"column":36}},"3":{"start":{"line":22,"column":18},"end":{"line":25,"column":3}},"4":{"start":{"line":23,"column":4},"end":{"line":23,"column":25}},"5":{"start":{"line":24,"column":4},"end":{"line":24,"column":62}},"6":{"start":{"line":27,"column":22},"end":{"line":42,"column":3}},"7":{"start":{"line":31,"column":17},"end":{"line":35,"column":5}},"8":{"start":{"line":34,"column":14},"end":{"line":34,"column":27}},"9":{"start":{"line":36,"column":4},"end":{"line":41,"column":5}},"10":{"start":{"line":37,"column":6},"end":{"line":37,"column":37}},"11":{"start":{"line":38,"column":6},"end":{"line":38,"column":62}},"12":{"start":{"line":40,"column":6},"end":{"line":40,"column":35}},"13":{"start":{"line":44,"column":70},"end":{"line":70,"column":3}},"14":{"start":{"line":51,"column":20},"end":{"line":54,"column":9}},"15":{"start":{"line":55,"column":26},"end":{"line":55,"column":48}},"16":{"start":{"line":56,"column":8},"end":{"line":56,"column":45}},"17":{"start":{"line":56,"column":25},"end":{"line":56,"column":45}},"18":{"start":{"line":57,"column":8},"end":{"line":58,"column":43}},"19":{"start":{"line":58,"column":10},"end":{"line":58,"column":43}},"20":{"start":{"line":59,"column":8},"end":{"line":60,"column":44}},"21":{"start":{"line":60,"column":10},"end":{"line":60,"column":44}},"22":{"start":{"line":61,"column":8},"end":{"line":61,"column":55}},"23":{"start":{"line":61,"column":30},"end":{"line":61,"column":55}},"24":{"start":{"line":62,"column":8},"end":{"line":63,"column":53}},"25":{"start":{"line":63,"column":10},"end":{"line":63,"column":53}},"26":{"start":{"line":64,"column":8},"end":{"line":64,"column":32}},"27":{"start":{"line":67,"column":8},"end":{"line":67,"column":28}},"28":{"start":{"line":72,"column":2},"end":{"line":110,"column":4}},"29":{"start":{"line":82,"column":31},"end":{"line":82,"column":79}}},"fnMap":{"0":{"name":"(anonymous_0)","decl":{"start":{"line":18,"column":28},"end":{"line":18,"column":29}},"loc":{"start":{"line":18,"column":46},"end":{"line":111,"column":1}},"line":18},"1":{"name":"(anonymous_1)","decl":{"start":{"line":22,"column":18},"end":{"line":22,"column":19}},"loc":{"start":{"line":22,"column":40},"end":{"line":25,"column":3}},"line":22},"2":{"name":"(anonymous_2)","decl":{"start":{"line":27,"column":22},"end":{"line":27,"column":23}},"loc":{"start":{"line":30,"column":8},"end":{"line":42,"column":3}},"line":30},"3":{"name":"(anonymous_3)","decl":{"start":{"line":34,"column":6},"end":{"line":34,"column":7}},"loc":{"start":{"line":34,"column":14},"end":{"line":34,"column":27}},"line":34},"4":{"name":"(anonymous_4)","decl":{"start":{"line":50,"column":16},"end":{"line":50,"column":17}},"loc":{"start":{"line":50,"column":26},"end":{"line":65,"column":7}},"line":50},"5":{"name":"(anonymous_5)","decl":{"start":{"line":66,"column":16},"end":{"line":66,"column":17}},"loc":{"start":{"line":66,"column":26},"end":{"line":68,"column":7}},"line":66},"6":{"name":"(anonymous_6)","decl":{"start":{"line":82,"column":25},"end":{"line":82,"column":26}},"loc":{"start":{"line":82,"column":31},"end":{"line":82,"column":79}},"line":82}},"branchMap":{"0":{"loc":{"start":{"line":36,"column":4},"end":{"line":41,"column":5}},"type":"if","locations":[{"start":{"line":36,"column":4},"end":{"line":41,"column":5}},{"start":{"line":36,"column":4},"end":{"line":41,"column":5}}],"line":36},"1":{"loc":{"start":{"line":56,"column":8},"end":{"line":56,"column":45}},"type":"if","locations":[{"start":{"line":56,"column":8},"end":{"line":56,"column":45}},{"start":{"line":56,"column":8},"end":{"line":56,"column":45}}],"line":56},"2":{"loc":{"start":{"line":57,"column":8},"end":{"line":58,"column":43}},"type":"if","locations":[{"start":{"line":57,"column":8},"end":{"line":58,"column":43}},{"start":{"line":57,"column":8},"end":{"line":58,"column":43}}],"line":57},"3":{"loc":{"start":{"line":57,"column":12},"end":{"line":57,"column":59}},"type":"binary-expr","locations":[{"start":{"line":57,"column":12},"end":{"line":57,"column":33}},{"start":{"line":57,"column":37},"end":{"line":57,"column":59}}],"line":57},"4":{"loc":{"start":{"line":59,"column":8},"end":{"line":60,"column":44}},"type":"if","locations":[{"start":{"line":59,"column":8},"end":{"line":60,"column":44}},{"start":{"line":59,"column":8},"end":{"line":60,"column":44}}],"line":59},"5":{"loc":{"start":{"line":59,"column":12},"end":{"line":59,"column":63}},"type":"binary-expr","locations":[{"start":{"line":59,"column":12},"end":{"line":59,"column":36}},{"start":{"line":59,"column":40},"end":{"line":59,"column":63}}],"line":59},"6":{"loc":{"start":{"line":61,"column":8},"end":{"line":61,"column":55}},"type":"if","locations":[{"start":{"line":61,"column":8},"end":{"line":61,"column":55}},{"start":{"line":61,"column":8},"end":{"line":61,"column":55}}],"line":61},"7":{"loc":{"start":{"line":62,"column":8},"end":{"line":63,"column":53}},"type":"if","locations":[{"start":{"line":62,"column":8},"end":{"line":63,"column":53}},{"start":{"line":62,"column":8},"end":{"line":63,"column":53}}],"line":62},"8":{"loc":{"start":{"line":84,"column":7},"end":{"line":86,"column":7}},"type":"binary-expr","locations":[{"start":{"line":84,"column":7},"end":{"line":84,"column":19}},{"start":{"line":85,"column":8},"end":{"line":85,"column":66}}],"line":84},"9":{"loc":{"start":{"line":101,"column":7},"end":{"line":103,"column":7}},"type":"binary-expr","locations":[{"start":{"line":101,"column":7},"end":{"line":101,"column":24}},{"start":{"line":102,"column":8},"end":{"line":102,"column":76}}],"line":101}},"s":{"0":3,"1":11,"2":11,"3":11,"4":0,"5":0,"6":11,"7":1,"8":0,"9":0,"10":0,"11":0,"12":0,"13":11,"14":5,"15":5,"16":5,"17":0,"18":5,"19":0,"20":5,"21":1,"22":5,"23":2,"24":5,"25":3,"26":5,"27":1,"28":11,"29":0},"f":{"0":11,"1":0,"2":1,"3":0,"4":5,"5":1,"6":0},"b":{"0":[0,0],"1":[0,5],"2":[0,5],"3":[5,5],"4":[1,4],"5":[5,5],"6":[2,3],"7":[3,2],"8":[11,2],"9":[11,6]},"_coverageSchema":"1a1c01bbd47fc00a2c39e90264f33305004495a9","hash":"dd8d6873e8db6072185b55f96114fc9a22635230"}
,"/Users/daniel/Documents/DEV/transactions-manager/src/screens/Login/index.tsx": {"path":"/Users/daniel/Documents/DEV/transactions-manager/src/screens/Login/index.tsx","statementMap":{"0":{"start":{"line":11,"column":27},"end":{"line":27,"column":1}},"1":{"start":{"line":12,"column":2},"end":{"line":26,"column":4}}},"fnMap":{"0":{"name":"(anonymous_0)","decl":{"start":{"line":11,"column":27},"end":{"line":11,"column":28}},"loc":{"start":{"line":11,"column":45},"end":{"line":27,"column":1}},"line":11}},"branchMap":{},"s":{"0":2,"1":0},"f":{"0":0},"b":{},"_coverageSchema":"1a1c01bbd47fc00a2c39e90264f33305004495a9","hash":"8d78ee0cadc62391d12f25a479f1cacdf57e81a8"}
,"/Users/daniel/Documents/DEV/transactions-manager/src/screens/Login/styles.ts": {"path":"/Users/daniel/Documents/DEV/transactions-manager/src/screens/Login/styles.ts","statementMap":{"0":{"start":{"line":3,"column":31},"end":{"line":3,"column":44}},"1":{"start":{"line":5,"column":32},"end":{"line":8,"column":1}},"2":{"start":{"line":10,"column":29},"end":{"line":12,"column":1}}},"fnMap":{},"branchMap":{},"s":{"0":3,"1":3,"2":3},"f":{},"b":{},"_coverageSchema":"1a1c01bbd47fc00a2c39e90264f33305004495a9","hash":"487ac4a4d8ebcc19370028062717d41b5464829b"}
,"/Users/daniel/Documents/DEV/transactions-manager/src/screens/Preload/index.tsx": {"path":"/Users/daniel/Documents/DEV/transactions-manager/src/screens/Preload/index.tsx","statementMap":{"0":{"start":{"line":11,"column":18},"end":{"line":15,"column":1}},"1":{"start":{"line":17,"column":26},"end":{"line":43,"column":1}},"2":{"start":{"line":18,"column":51},"end":{"line":18,"column":60}},"3":{"start":{"line":19,"column":27},"end":{"line":29,"column":3}},"4":{"start":{"line":20,"column":17},"end":{"line":20,"column":52}},"5":{"start":{"line":21,"column":25},"end":{"line":21,"column":68}},"6":{"start":{"line":22,"column":4},"end":{"line":28,"column":13}},"7":{"start":{"line":23,"column":6},"end":{"line":26,"column":7}},"8":{"start":{"line":24,"column":8},"end":{"line":24,"column":41}},"9":{"start":{"line":25,"column":8},"end":{"line":25,"column":64}},"10":{"start":{"line":27,"column":6},"end":{"line":27,"column":53}},"11":{"start":{"line":31,"column":2},"end":{"line":33,"column":9}},"12":{"start":{"line":32,"column":4},"end":{"line":32,"column":23}},"13":{"start":{"line":35,"column":2},"end":{"line":42,"column":4}}},"fnMap":{"0":{"name":"(anonymous_0)","decl":{"start":{"line":17,"column":26},"end":{"line":17,"column":27}},"loc":{"start":{"line":17,"column":44},"end":{"line":43,"column":1}},"line":17},"1":{"name":"(anonymous_1)","decl":{"start":{"line":19,"column":27},"end":{"line":19,"column":28}},"loc":{"start":{"line":19,"column":39},"end":{"line":29,"column":3}},"line":19},"2":{"name":"(anonymous_2)","decl":{"start":{"line":22,"column":15},"end":{"line":22,"column":16}},"loc":{"start":{"line":22,"column":21},"end":{"line":28,"column":5}},"line":22},"3":{"name":"(anonymous_3)","decl":{"start":{"line":31,"column":12},"end":{"line":31,"column":13}},"loc":{"start":{"line":31,"column":18},"end":{"line":33,"column":3}},"line":31}},"branchMap":{"0":{"loc":{"start":{"line":23,"column":6},"end":{"line":26,"column":7}},"type":"if","locations":[{"start":{"line":23,"column":6},"end":{"line":26,"column":7}},{"start":{"line":23,"column":6},"end":{"line":26,"column":7}}],"line":23}},"s":{"0":2,"1":2,"2":2,"3":2,"4":2,"5":2,"6":2,"7":1,"8":0,"9":0,"10":1,"11":2,"12":2,"13":2},"f":{"0":2,"1":2,"2":1,"3":2},"b":{"0":[0,1]},"_coverageSchema":"1a1c01bbd47fc00a2c39e90264f33305004495a9","hash":"48896de45ee938205e23f423a2ddcf730099855b"}
,"/Users/daniel/Documents/DEV/transactions-manager/src/screens/Register/RegistrationForm.tsx": {"path":"/Users/daniel/Documents/DEV/transactions-manager/src/screens/Register/RegistrationForm.tsx","statementMap":{"0":{"start":{"line":26,"column":35},"end":{"line":208,"column":1}},"1":{"start":{"line":27,"column":48},"end":{"line":27,"column":59}},"2":{"start":{"line":28,"column":27},"end":{"line":28,"column":36}},"3":{"start":{"line":30,"column":18},"end":{"line":33,"column":3}},"4":{"start":{"line":31,"column":4},"end":{"line":31,"column":25}},"5":{"start":{"line":32,"column":4},"end":{"line":32,"column":62}},"6":{"start":{"line":35,"column":27},"end":{"line":50,"column":3}},"7":{"start":{"line":36,"column":17},"end":{"line":43,"column":5}},"8":{"start":{"line":42,"column":14},"end":{"line":42,"column":27}},"9":{"start":{"line":44,"column":4},"end":{"line":49,"column":5}},"10":{"start":{"line":45,"column":6},"end":{"line":45,"column":37}},"11":{"start":{"line":46,"column":6},"end":{"line":46,"column":62}},"12":{"start":{"line":48,"column":6},"end":{"line":48,"column":42}},"13":{"start":{"line":52,"column":70},"end":{"line":110,"column":3}},"14":{"start":{"line":61,"column":20},"end":{"line":66,"column":9}},"15":{"start":{"line":67,"column":26},"end":{"line":67,"column":48}},"16":{"start":{"line":68,"column":8},"end":{"line":68,"column":70}},"17":{"start":{"line":68,"column":50},"end":{"line":68,"column":70}},"18":{"start":{"line":69,"column":8},"end":{"line":74,"column":43}},"19":{"start":{"line":74,"column":10},"end":{"line":74,"column":43}},"20":{"start":{"line":75,"column":8},"end":{"line":80,"column":44}},"21":{"start":{"line":80,"column":10},"end":{"line":80,"column":44}},"22":{"start":{"line":81,"column":8},"end":{"line":81,"column":72}},"23":{"start":{"line":81,"column":51},"end":{"line":81,"column":72}},"24":{"start":{"line":83,"column":8},"end":{"line":83,"column":80}},"25":{"start":{"line":83,"column":55},"end":{"line":83,"column":80}},"26":{"start":{"line":84,"column":8},"end":{"line":85,"column":53}},"27":{"start":{"line":85,"column":10},"end":{"line":85,"column":53}},"28":{"start":{"line":86,"column":8},"end":{"line":87,"column":42}},"29":{"start":{"line":87,"column":10},"end":{"line":87,"column":42}},"30":{"start":{"line":88,"column":8},"end":{"line":93,"column":61}},"31":{"start":{"line":93,"column":10},"end":{"line":93,"column":61}},"32":{"start":{"line":95,"column":8},"end":{"line":95,"column":32}},"33":{"start":{"line":98,"column":8},"end":{"line":107,"column":9}},"34":{"start":{"line":99,"column":10},"end":{"line":103,"column":13}},"35":{"start":{"line":105,"column":10},"end":{"line":105,"column":50}},"36":{"start":{"line":106,"column":10},"end":{"line":106,"column":19}},"37":{"start":{"line":112,"column":32},"end":{"line":115,"column":3}},"38":{"start":{"line":113,"column":4},"end":{"line":113,"column":45}},"39":{"start":{"line":113,"column":38},"end":{"line":113,"column":45}},"40":{"start":{"line":114,"column":4},"end":{"line":114,"column":72}},"41":{"start":{"line":114,"column":36},"end":{"line":114,"column":72}},"42":{"start":{"line":117,"column":2},"end":{"line":207,"column":4}},"43":{"start":{"line":145,"column":14},"end":{"line":145,"column":63}}},"fnMap":{"0":{"name":"(anonymous_0)","decl":{"start":{"line":26,"column":35},"end":{"line":26,"column":36}},"loc":{"start":{"line":26,"column":53},"end":{"line":208,"column":1}},"line":26},"1":{"name":"(anonymous_1)","decl":{"start":{"line":30,"column":18},"end":{"line":30,"column":19}},"loc":{"start":{"line":30,"column":40},"end":{"line":33,"column":3}},"line":30},"2":{"name":"(anonymous_2)","decl":{"start":{"line":35,"column":27},"end":{"line":35,"column":28}},"loc":{"start":{"line":35,"column":50},"end":{"line":50,"column":3}},"line":35},"3":{"name":"(anonymous_3)","decl":{"start":{"line":42,"column":6},"end":{"line":42,"column":7}},"loc":{"start":{"line":42,"column":14},"end":{"line":42,"column":27}},"line":42},"4":{"name":"(anonymous_4)","decl":{"start":{"line":60,"column":16},"end":{"line":60,"column":17}},"loc":{"start":{"line":60,"column":26},"end":{"line":96,"column":7}},"line":60},"5":{"name":"(anonymous_5)","decl":{"start":{"line":97,"column":16},"end":{"line":97,"column":17}},"loc":{"start":{"line":97,"column":26},"end":{"line":108,"column":7}},"line":97},"6":{"name":"(anonymous_6)","decl":{"start":{"line":106,"column":10},"end":{"line":106,"column":11}},"loc":{"start":{"line":106,"column":16},"end":{"line":106,"column":18}},"line":106},"7":{"name":"(anonymous_7)","decl":{"start":{"line":112,"column":32},"end":{"line":112,"column":33}},"loc":{"start":{"line":112,"column":54},"end":{"line":115,"column":3}},"line":112},"8":{"name":"(anonymous_8)","decl":{"start":{"line":144,"column":26},"end":{"line":144,"column":27}},"loc":{"start":{"line":145,"column":14},"end":{"line":145,"column":63}},"line":145}},"branchMap":{"0":{"loc":{"start":{"line":44,"column":4},"end":{"line":49,"column":5}},"type":"if","locations":[{"start":{"line":44,"column":4},"end":{"line":49,"column":5}},{"start":{"line":44,"column":4},"end":{"line":49,"column":5}}],"line":44},"1":{"loc":{"start":{"line":68,"column":8},"end":{"line":68,"column":70}},"type":"if","locations":[{"start":{"line":68,"column":8},"end":{"line":68,"column":70}},{"start":{"line":68,"column":8},"end":{"line":68,"column":70}}],"line":68},"2":{"loc":{"start":{"line":68,"column":12},"end":{"line":68,"column":48}},"type":"binary-expr","locations":[{"start":{"line":68,"column":12},"end":{"line":68,"column":33}},{"start":{"line":68,"column":37},"end":{"line":68,"column":48}}],"line":68},"3":{"loc":{"start":{"line":69,"column":8},"end":{"line":74,"column":43}},"type":"if","locations":[{"start":{"line":69,"column":8},"end":{"line":74,"column":43}},{"start":{"line":69,"column":8},"end":{"line":74,"column":43}}],"line":69},"4":{"loc":{"start":{"line":70,"column":10},"end":{"line":72,"column":32}},"type":"binary-expr","locations":[{"start":{"line":70,"column":10},"end":{"line":70,"column":31}},{"start":{"line":71,"column":10},"end":{"line":71,"column":31}},{"start":{"line":72,"column":10},"end":{"line":72,"column":32}}],"line":70},"5":{"loc":{"start":{"line":75,"column":8},"end":{"line":80,"column":44}},"type":"if","locations":[{"start":{"line":75,"column":8},"end":{"line":80,"column":44}},{"start":{"line":75,"column":8},"end":{"line":80,"column":44}}],"line":75},"6":{"loc":{"start":{"line":76,"column":10},"end":{"line":78,"column":33}},"type":"binary-expr","locations":[{"start":{"line":76,"column":10},"end":{"line":76,"column":31}},{"start":{"line":77,"column":10},"end":{"line":77,"column":34}},{"start":{"line":78,"column":10},"end":{"line":78,"column":33}}],"line":76},"7":{"loc":{"start":{"line":81,"column":8},"end":{"line":81,"column":72}},"type":"if","locations":[{"start":{"line":81,"column":8},"end":{"line":81,"column":72}},{"start":{"line":81,"column":8},"end":{"line":81,"column":72}}],"line":81},"8":{"loc":{"start":{"line":81,"column":12},"end":{"line":81,"column":49}},"type":"binary-expr","locations":[{"start":{"line":81,"column":12},"end":{"line":81,"column":33}},{"start":{"line":81,"column":37},"end":{"line":81,"column":49}}],"line":81},"9":{"loc":{"start":{"line":83,"column":8},"end":{"line":83,"column":80}},"type":"if","locations":[{"start":{"line":83,"column":8},"end":{"line":83,"column":80}},{"start":{"line":83,"column":8},"end":{"line":83,"column":80}}],"line":83},"10":{"loc":{"start":{"line":83,"column":12},"end":{"line":83,"column":53}},"type":"binary-expr","locations":[{"start":{"line":83,"column":12},"end":{"line":83,"column":33}},{"start":{"line":83,"column":37},"end":{"line":83,"column":53}}],"line":83},"11":{"loc":{"start":{"line":84,"column":8},"end":{"line":85,"column":53}},"type":"if","locations":[{"start":{"line":84,"column":8},"end":{"line":85,"column":53}},{"start":{"line":84,"column":8},"end":{"line":85,"column":53}}],"line":84},"12":{"loc":{"start":{"line":84,"column":12},"end":{"line":84,"column":63}},"type":"binary-expr","locations":[{"start":{"line":84,"column":12},"end":{"line":84,"column":33}},{"start":{"line":84,"column":37},"end":{"line":84,"column":63}}],"line":84},"13":{"loc":{"start":{"line":86,"column":8},"end":{"line":87,"column":42}},"type":"if","locations":[{"start":{"line":86,"column":8},"end":{"line":87,"column":42}},{"start":{"line":86,"column":8},"end":{"line":87,"column":42}}],"line":86},"14":{"loc":{"start":{"line":86,"column":12},"end":{"line":86,"column":60}},"type":"binary-expr","locations":[{"start":{"line":86,"column":12},"end":{"line":86,"column":33}},{"start":{"line":86,"column":37},"end":{"line":86,"column":60}}],"line":86},"15":{"loc":{"start":{"line":88,"column":8},"end":{"line":93,"column":61}},"type":"if","locations":[{"start":{"line":88,"column":8},"end":{"line":93,"column":61}},{"start":{"line":88,"column":8},"end":{"line":93,"column":61}}],"line":88},"16":{"loc":{"start":{"line":89,"column":10},"end":{"line":91,"column":52}},"type":"binary-expr","locations":[{"start":{"line":89,"column":10},"end":{"line":89,"column":31}},{"start":{"line":90,"column":10},"end":{"line":90,"column":43}},{"start":{"line":91,"column":10},"end":{"line":91,"column":52}}],"line":89},"17":{"loc":{"start":{"line":98,"column":8},"end":{"line":107,"column":9}},"type":"if","locations":[{"start":{"line":98,"column":8},"end":{"line":107,"column":9}},{"start":{"line":98,"column":8},"end":{"line":107,"column":9}}],"line":98},"18":{"loc":{"start":{"line":113,"column":4},"end":{"line":113,"column":45}},"type":"if","locations":[{"start":{"line":113,"column":4},"end":{"line":113,"column":45}},{"start":{"line":113,"column":4},"end":{"line":113,"column":45}}],"line":113},"19":{"loc":{"start":{"line":114,"column":4},"end":{"line":114,"column":72}},"type":"if","locations":[{"start":{"line":114,"column":4},"end":{"line":114,"column":72}},{"start":{"line":114,"column":4},"end":{"line":114,"column":72}}],"line":114},"20":{"loc":{"start":{"line":119,"column":7},"end":{"line":135,"column":7}},"type":"binary-expr","locations":[{"start":{"line":119,"column":7},"end":{"line":119,"column":28}},{"start":{"line":120,"column":8},"end":{"line":134,"column":11}}],"line":119},"21":{"loc":{"start":{"line":131,"column":11},"end":{"line":133,"column":11}},"type":"binary-expr","locations":[{"start":{"line":131,"column":11},"end":{"line":131,"column":23}},{"start":{"line":132,"column":12},"end":{"line":132,"column":70}}],"line":131},"22":{"loc":{"start":{"line":136,"column":7},"end":{"line":152,"column":7}},"type":"binary-expr","locations":[{"start":{"line":136,"column":7},"end":{"line":136,"column":28}},{"start":{"line":137,"column":8},"end":{"line":151,"column":11}}],"line":136},"23":{"loc":{"start":{"line":148,"column":11},"end":{"line":150,"column":11}},"type":"binary-expr","locations":[{"start":{"line":148,"column":11},"end":{"line":148,"column":24}},{"start":{"line":149,"column":12},"end":{"line":149,"column":72}}],"line":148},"24":{"loc":{"start":{"line":153,"column":7},"end":{"line":172,"column":7}},"type":"binary-expr","locations":[{"start":{"line":153,"column":7},"end":{"line":153,"column":28}},{"start":{"line":154,"column":8},"end":{"line":171,"column":11}}],"line":153},"25":{"loc":{"start":{"line":168,"column":11},"end":{"line":170,"column":11}},"type":"binary-expr","locations":[{"start":{"line":168,"column":11},"end":{"line":168,"column":28}},{"start":{"line":169,"column":12},"end":{"line":169,"column":80}}],"line":168},"26":{"loc":{"start":{"line":173,"column":7},"end":{"line":194,"column":7}},"type":"binary-expr","locations":[{"start":{"line":173,"column":7},"end":{"line":173,"column":28}},{"start":{"line":174,"column":8},"end":{"line":193,"column":11}}],"line":173},"27":{"loc":{"start":{"line":188,"column":11},"end":{"line":192,"column":11}},"type":"binary-expr","locations":[{"start":{"line":188,"column":11},"end":{"line":188,"column":35}},{"start":{"line":189,"column":12},"end":{"line":191,"column":24}}],"line":188}},"s":{"0":3,"1":35,"2":35,"3":35,"4":0,"5":0,"6":35,"7":1,"8":0,"9":0,"10":0,"11":0,"12":0,"13":35,"14":12,"15":12,"16":12,"17":0,"18":12,"19":0,"20":12,"21":1,"22":12,"23":1,"24":12,"25":0,"26":12,"27":1,"28":12,"29":0,"30":12,"31":1,"32":12,"33":4,"34":1,"35":3,"36":3,"37":35,"38":0,"39":0,"40":0,"41":0,"42":35,"43":1},"f":{"0":35,"1":0,"2":1,"3":0,"4":12,"5":4,"6":0,"7":0,"8":1},"b":{"0":[0,0],"1":[0,12],"2":[12,3],"3":[0,12],"4":[12,3,3],"5":[1,11],"6":[12,3,3],"7":[1,11],"8":[12,3],"9":[0,12],"10":[12,3],"11":[1,11],"12":[12,3],"13":[0,12],"14":[12,3],"15":[1,11],"16":[12,3,3],"17":[1,3],"18":[0,0],"19":[0,0],"20":[35,9],"21":[9,3],"22":[35,10],"23":[10,4],"24":[35,8],"25":[8,3],"26":[35,8],"27":[8,3]},"_coverageSchema":"1a1c01bbd47fc00a2c39e90264f33305004495a9","hash":"4e90e254fab9e2209b77bd11f0dda121328b9658"}
,"/Users/daniel/Documents/DEV/transactions-manager/src/screens/Register/index.tsx": {"path":"/Users/daniel/Documents/DEV/transactions-manager/src/screens/Register/index.tsx","statementMap":{"0":{"start":{"line":10,"column":27},"end":{"line":24,"column":1}},"1":{"start":{"line":11,"column":2},"end":{"line":23,"column":4}}},"fnMap":{"0":{"name":"(anonymous_0)","decl":{"start":{"line":10,"column":27},"end":{"line":10,"column":28}},"loc":{"start":{"line":10,"column":45},"end":{"line":24,"column":1}},"line":10}},"branchMap":{},"s":{"0":2,"1":1},"f":{"0":1},"b":{},"_coverageSchema":"1a1c01bbd47fc00a2c39e90264f33305004495a9","hash":"21319c0935ae9da47a94d5add42f42909bfc2d97"}
,"/Users/daniel/Documents/DEV/transactions-manager/src/screens/Register/styles.ts": {"path":"/Users/daniel/Documents/DEV/transactions-manager/src/screens/Register/styles.ts","statementMap":{"0":{"start":{"line":3,"column":31},"end":{"line":3,"column":44}},"1":{"start":{"line":5,"column":26},"end":{"line":13,"column":1}},"2":{"start":{"line":6,"column":24},"end":{"line":6,"column":43}},"3":{"start":{"line":15,"column":32},"end":{"line":18,"column":1}}},"fnMap":{"0":{"name":"(anonymous_0)","decl":{"start":{"line":6,"column":11},"end":{"line":6,"column":12}},"loc":{"start":{"line":6,"column":24},"end":{"line":6,"column":43}},"line":6}},"branchMap":{},"s":{"0":4,"1":4,"2":3,"3":4},"f":{"0":3},"b":{},"_coverageSchema":"1a1c01bbd47fc00a2c39e90264f33305004495a9","hash":"80a69f82b5a6e9bcb55b81d8b4b9b06c5a8006a0"}
,"/Users/daniel/Documents/DEV/transactions-manager/src/screens/Starter/index.tsx": {"path":"/Users/daniel/Documents/DEV/transactions-manager/src/screens/Starter/index.tsx","statementMap":{"0":{"start":{"line":10,"column":26},"end":{"line":25,"column":1}},"1":{"start":{"line":11,"column":2},"end":{"line":24,"column":4}},"2":{"start":{"line":17,"column":23},"end":{"line":17,"column":63}},"3":{"start":{"line":20,"column":40},"end":{"line":20,"column":77}}},"fnMap":{"0":{"name":"(anonymous_0)","decl":{"start":{"line":10,"column":26},"end":{"line":10,"column":27}},"loc":{"start":{"line":10,"column":44},"end":{"line":25,"column":1}},"line":10},"1":{"name":"(anonymous_1)","decl":{"start":{"line":17,"column":17},"end":{"line":17,"column":18}},"loc":{"start":{"line":17,"column":23},"end":{"line":17,"column":63}},"line":17},"2":{"name":"(anonymous_2)","decl":{"start":{"line":20,"column":34},"end":{"line":20,"column":35}},"loc":{"start":{"line":20,"column":40},"end":{"line":20,"column":77}},"line":20}},"branchMap":{},"s":{"0":2,"1":1,"2":1,"3":0},"f":{"0":1,"1":1,"2":0},"b":{},"_coverageSchema":"1a1c01bbd47fc00a2c39e90264f33305004495a9","hash":"37767f4255b5a8377f99913a680b8364cf62d893"}
,"/Users/daniel/Documents/DEV/transactions-manager/src/screens/Starter/styles.ts": {"path":"/Users/daniel/Documents/DEV/transactions-manager/src/screens/Starter/styles.ts","statementMap":{"0":{"start":{"line":3,"column":28},"end":{"line":11,"column":1}},"1":{"start":{"line":4,"column":24},"end":{"line":4,"column":43}},"2":{"start":{"line":13,"column":33},"end":{"line":15,"column":1}},"3":{"start":{"line":17,"column":31},"end":{"line":24,"column":1}},"4":{"start":{"line":19,"column":24},"end":{"line":19,"column":43}}},"fnMap":{"0":{"name":"(anonymous_0)","decl":{"start":{"line":4,"column":11},"end":{"line":4,"column":12}},"loc":{"start":{"line":4,"column":24},"end":{"line":4,"column":43}},"line":4},"1":{"name":"(anonymous_1)","decl":{"start":{"line":19,"column":11},"end":{"line":19,"column":12}},"loc":{"start":{"line":19,"column":24},"end":{"line":19,"column":43}},"line":19}},"branchMap":{},"s":{"0":2,"1":1,"2":2,"3":2,"4":1},"f":{"0":1,"1":1},"b":{},"_coverageSchema":"1a1c01bbd47fc00a2c39e90264f33305004495a9","hash":"ff2abf642b217b7ce902da81fb2a96b85e34ba23"}
,"/Users/daniel/Documents/DEV/transactions-manager/src/services/realm.ts": {"path":"/Users/daniel/Documents/DEV/transactions-manager/src/services/realm.ts","statementMap":{"0":{"start":{"line":9,"column":26},"end":{"line":36,"column":1}},"1":{"start":{"line":13,"column":15},"end":{"line":34,"column":6}},"2":{"start":{"line":15,"column":6},"end":{"line":22,"column":9}},"3":{"start":{"line":16,"column":8},"end":{"line":21,"column":11}},"4":{"start":{"line":23,"column":18},"end":{"line":23,"column":41}},"5":{"start":{"line":24,"column":25},"end":{"line":24,"column":60}},"6":{"start":{"line":25,"column":6},"end":{"line":25,"column":61}},"7":{"start":{"line":26,"column":6},"end":{"line":26,"column":20}},"8":{"start":{"line":27,"column":6},"end":{"line":27,"column":71}},"9":{"start":{"line":30,"column":6},"end":{"line":32,"column":7}},"10":{"start":{"line":31,"column":8},"end":{"line":31,"column":62}},"11":{"start":{"line":33,"column":6},"end":{"line":33,"column":73}},"12":{"start":{"line":35,"column":2},"end":{"line":35,"column":14}},"13":{"start":{"line":38,"column":21},"end":{"line":64,"column":1}},"14":{"start":{"line":43,"column":15},"end":{"line":62,"column":6}},"15":{"start":{"line":45,"column":18},"end":{"line":45,"column":41}},"16":{"start":{"line":46,"column":25},"end":{"line":50,"column":7}},"17":{"start":{"line":51,"column":6},"end":{"line":58,"column":7}},"18":{"start":{"line":52,"column":8},"end":{"line":52,"column":63}},"19":{"start":{"line":53,"column":8},"end":{"line":53,"column":22}},"20":{"start":{"line":54,"column":8},"end":{"line":54,"column":70}},"21":{"start":{"line":56,"column":8},"end":{"line":56,"column":22}},"22":{"start":{"line":57,"column":8},"end":{"line":57,"column":68}},"23":{"start":{"line":61,"column":6},"end":{"line":61,"column":66}},"24":{"start":{"line":63,"column":2},"end":{"line":63,"column":14}},"25":{"start":{"line":66,"column":34},"end":{"line":86,"column":1}},"26":{"start":{"line":70,"column":15},"end":{"line":84,"column":23}},"27":{"start":{"line":72,"column":28},"end":{"line":72,"column":56}},"28":{"start":{"line":73,"column":21},"end":{"line":75,"column":23}},"29":{"start":{"line":76,"column":26},"end":{"line":76,"column":77}},"30":{"start":{"line":77,"column":6},"end":{"line":82,"column":7}},"31":{"start":{"line":78,"column":8},"end":{"line":78,"column":55}},"32":{"start":{"line":79,"column":8},"end":{"line":79,"column":22}},"33":{"start":{"line":81,"column":8},"end":{"line":81,"column":22}},"34":{"start":{"line":85,"column":2},"end":{"line":85,"column":14}},"35":{"start":{"line":88,"column":33},"end":{"line":150,"column":1}},"36":{"start":{"line":92,"column":15},"end":{"line":148,"column":6}},"37":{"start":{"line":94,"column":19},"end":{"line":94,"column":42}},"38":{"start":{"line":95,"column":21},"end":{"line":95,"column":72}},"39":{"start":{"line":96,"column":19},"end":{"line":96,"column":68}},"40":{"start":{"line":97,"column":6},"end":{"line":141,"column":7}},"41":{"start":{"line":98,"column":8},"end":{"line":107,"column":11}},"42":{"start":{"line":99,"column":10},"end":{"line":106,"column":13}},"43":{"start":{"line":108,"column":8},"end":{"line":117,"column":11}},"44":{"start":{"line":109,"column":10},"end":{"line":116,"column":12}},"45":{"start":{"line":118,"column":8},"end":{"line":127,"column":11}},"46":{"start":{"line":119,"column":10},"end":{"line":126,"column":12}},"47":{"start":{"line":128,"column":30},"end":{"line":128,"column":58}},"48":{"start":{"line":129,"column":8},"end":{"line":129,"column":57}},"49":{"start":{"line":130,"column":8},"end":{"line":130,"column":22}},"50":{"start":{"line":131,"column":8},"end":{"line":134,"column":10}},"51":{"start":{"line":136,"column":8},"end":{"line":136,"column":22}},"52":{"start":{"line":137,"column":8},"end":{"line":140,"column":10}},"53":{"start":{"line":144,"column":6},"end":{"line":147,"column":8}},"54":{"start":{"line":149,"column":2},"end":{"line":149,"column":14}}},"fnMap":{"0":{"name":"(anonymous_0)","decl":{"start":{"line":9,"column":26},"end":{"line":9,"column":27}},"loc":{"start":{"line":12,"column":5},"end":{"line":36,"column":1}},"line":12},"1":{"name":"(anonymous_1)","decl":{"start":{"line":14,"column":10},"end":{"line":14,"column":11}},"loc":{"start":{"line":14,"column":19},"end":{"line":28,"column":5}},"line":14},"2":{"name":"(anonymous_2)","decl":{"start":{"line":15,"column":18},"end":{"line":15,"column":19}},"loc":{"start":{"line":15,"column":24},"end":{"line":22,"column":7}},"line":15},"3":{"name":"(anonymous_3)","decl":{"start":{"line":29,"column":11},"end":{"line":29,"column":12}},"loc":{"start":{"line":29,"column":20},"end":{"line":34,"column":5}},"line":29},"4":{"name":"(anonymous_4)","decl":{"start":{"line":38,"column":21},"end":{"line":38,"column":22}},"loc":{"start":{"line":42,"column":5},"end":{"line":64,"column":1}},"line":42},"5":{"name":"(anonymous_5)","decl":{"start":{"line":44,"column":10},"end":{"line":44,"column":11}},"loc":{"start":{"line":44,"column":19},"end":{"line":59,"column":5}},"line":44},"6":{"name":"(anonymous_6)","decl":{"start":{"line":60,"column":11},"end":{"line":60,"column":12}},"loc":{"start":{"line":60,"column":20},"end":{"line":62,"column":5}},"line":60},"7":{"name":"(anonymous_7)","decl":{"start":{"line":66,"column":34},"end":{"line":66,"column":35}},"loc":{"start":{"line":69,"column":5},"end":{"line":86,"column":1}},"line":69},"8":{"name":"(anonymous_8)","decl":{"start":{"line":71,"column":10},"end":{"line":71,"column":11}},"loc":{"start":{"line":71,"column":19},"end":{"line":83,"column":5}},"line":71},"9":{"name":"(anonymous_9)","decl":{"start":{"line":84,"column":11},"end":{"line":84,"column":12}},"loc":{"start":{"line":84,"column":20},"end":{"line":84,"column":22}},"line":84},"10":{"name":"(anonymous_10)","decl":{"start":{"line":88,"column":33},"end":{"line":88,"column":34}},"loc":{"start":{"line":91,"column":5},"end":{"line":150,"column":1}},"line":91},"11":{"name":"(anonymous_11)","decl":{"start":{"line":93,"column":10},"end":{"line":93,"column":11}},"loc":{"start":{"line":93,"column":19},"end":{"line":142,"column":5}},"line":93},"12":{"name":"(anonymous_12)","decl":{"start":{"line":98,"column":20},"end":{"line":98,"column":21}},"loc":{"start":{"line":98,"column":26},"end":{"line":107,"column":9}},"line":98},"13":{"name":"(anonymous_13)","decl":{"start":{"line":108,"column":20},"end":{"line":108,"column":21}},"loc":{"start":{"line":108,"column":26},"end":{"line":117,"column":9}},"line":108},"14":{"name":"(anonymous_14)","decl":{"start":{"line":118,"column":20},"end":{"line":118,"column":21}},"loc":{"start":{"line":118,"column":26},"end":{"line":127,"column":9}},"line":118},"15":{"name":"(anonymous_15)","decl":{"start":{"line":143,"column":11},"end":{"line":143,"column":12}},"loc":{"start":{"line":143,"column":18},"end":{"line":148,"column":5}},"line":143}},"branchMap":{"0":{"loc":{"start":{"line":30,"column":6},"end":{"line":32,"column":7}},"type":"if","locations":[{"start":{"line":30,"column":6},"end":{"line":32,"column":7}},{"start":{"line":30,"column":6},"end":{"line":32,"column":7}}],"line":30},"1":{"loc":{"start":{"line":51,"column":6},"end":{"line":58,"column":7}},"type":"if","locations":[{"start":{"line":51,"column":6},"end":{"line":58,"column":7}},{"start":{"line":51,"column":6},"end":{"line":58,"column":7}}],"line":51},"2":{"loc":{"start":{"line":77,"column":6},"end":{"line":82,"column":7}},"type":"if","locations":[{"start":{"line":77,"column":6},"end":{"line":82,"column":7}},{"start":{"line":77,"column":6},"end":{"line":82,"column":7}}],"line":77},"3":{"loc":{"start":{"line":97,"column":6},"end":{"line":141,"column":7}},"type":"if","locations":[{"start":{"line":97,"column":6},"end":{"line":141,"column":7}},{"start":{"line":97,"column":6},"end":{"line":141,"column":7}}],"line":97},"4":{"loc":{"start":{"line":97,"column":10},"end":{"line":97,"column":38}},"type":"binary-expr","locations":[{"start":{"line":97,"column":10},"end":{"line":97,"column":23}},{"start":{"line":97,"column":27},"end":{"line":97,"column":38}}],"line":97}},"s":{"0":5,"1":1,"2":0,"3":0,"4":0,"5":0,"6":0,"7":0,"8":0,"9":0,"10":0,"11":0,"12":0,"13":5,"14":1,"15":0,"16":0,"17":0,"18":0,"19":0,"20":0,"21":0,"22":0,"23":0,"24":0,"25":5,"26":0,"27":0,"28":0,"29":0,"30":0,"31":0,"32":0,"33":0,"34":0,"35":5,"36":0,"37":0,"38":0,"39":0,"40":0,"41":0,"42":0,"43":0,"44":0,"45":0,"46":0,"47":0,"48":0,"49":0,"50":0,"51":0,"52":0,"53":0,"54":0},"f":{"0":1,"1":0,"2":0,"3":0,"4":1,"5":0,"6":0,"7":0,"8":0,"9":0,"10":0,"11":0,"12":0,"13":0,"14":0,"15":0},"b":{"0":[0,0],"1":[0,0],"2":[0,0],"3":[0,0],"4":[0,0]},"_coverageSchema":"1a1c01bbd47fc00a2c39e90264f33305004495a9","hash":"c9e0186de55d73915711bebba153646d24aeebc1"}
,"/Users/daniel/Documents/DEV/transactions-manager/src/services/schemas.ts": {"path":"/Users/daniel/Documents/DEV/transactions-manager/src/services/schemas.ts","statementMap":{"0":{"start":{"line":1,"column":28},"end":{"line":11,"column":1}},"1":{"start":{"line":19,"column":33},"end":{"line":31,"column":1}}},"fnMap":{},"branchMap":{},"s":{"0":5,"1":5},"f":{},"b":{},"_coverageSchema":"1a1c01bbd47fc00a2c39e90264f33305004495a9","hash":"6bcd9076406394134bfb21852f1549a1631e9634"}
,"/Users/daniel/Documents/DEV/transactions-manager/src/styles/baseStyles.ts": {"path":"/Users/daniel/Documents/DEV/transactions-manager/src/styles/baseStyles.ts","statementMap":{"0":{"start":{"line":4,"column":30},"end":{"line":8,"column":1}},"1":{"start":{"line":6,"column":35},"end":{"line":6,"column":51}},"2":{"start":{"line":10,"column":29},"end":{"line":14,"column":1}},"3":{"start":{"line":16,"column":23},"end":{"line":21,"column":1}},"4":{"start":{"line":17,"column":24},"end":{"line":17,"column":43}},"5":{"start":{"line":23,"column":25},"end":{"line":25,"column":1}},"6":{"start":{"line":24,"column":20},"end":{"line":24,"column":45}},"7":{"start":{"line":31,"column":20},"end":{"line":37,"column":1}},"8":{"start":{"line":34,"column":24},"end":{"line":34,"column":52}},"9":{"start":{"line":35,"column":25},"end":{"line":35,"column":53}},"10":{"start":{"line":39,"column":22},"end":{"line":44,"column":1}},"11":{"start":{"line":42,"column":29},"end":{"line":42,"column":48}},"12":{"start":{"line":46,"column":26},"end":{"line":53,"column":1}},"13":{"start":{"line":48,"column":24},"end":{"line":48,"column":42}},"14":{"start":{"line":60,"column":27},"end":{"line":73,"column":1}},"15":{"start":{"line":65,"column":24},"end":{"line":65,"column":43}},"16":{"start":{"line":68,"column":38},"end":{"line":68,"column":57}},"17":{"start":{"line":70,"column":4},"end":{"line":70,"column":47}},"18":{"start":{"line":75,"column":26},"end":{"line":88,"column":1}},"19":{"start":{"line":80,"column":24},"end":{"line":80,"column":43}},"20":{"start":{"line":83,"column":38},"end":{"line":83,"column":57}},"21":{"start":{"line":85,"column":4},"end":{"line":85,"column":47}},"22":{"start":{"line":90,"column":25},"end":{"line":97,"column":1}},"23":{"start":{"line":95,"column":24},"end":{"line":95,"column":33}},"24":{"start":{"line":99,"column":35},"end":{"line":106,"column":1}}},"fnMap":{"0":{"name":"(anonymous_0)","decl":{"start":{"line":6,"column":22},"end":{"line":6,"column":23}},"loc":{"start":{"line":6,"column":35},"end":{"line":6,"column":51}},"line":6},"1":{"name":"(anonymous_1)","decl":{"start":{"line":17,"column":11},"end":{"line":17,"column":12}},"loc":{"start":{"line":17,"column":24},"end":{"line":17,"column":43}},"line":17},"2":{"name":"(anonymous_2)","decl":{"start":{"line":24,"column":11},"end":{"line":24,"column":12}},"loc":{"start":{"line":24,"column":20},"end":{"line":24,"column":45}},"line":24},"3":{"name":"(anonymous_3)","decl":{"start":{"line":34,"column":11},"end":{"line":34,"column":12}},"loc":{"start":{"line":34,"column":24},"end":{"line":34,"column":52}},"line":34},"4":{"name":"(anonymous_4)","decl":{"start":{"line":35,"column":12},"end":{"line":35,"column":13}},"loc":{"start":{"line":35,"column":25},"end":{"line":35,"column":53}},"line":35},"5":{"name":"(anonymous_5)","decl":{"start":{"line":42,"column":16},"end":{"line":42,"column":17}},"loc":{"start":{"line":42,"column":29},"end":{"line":42,"column":48}},"line":42},"6":{"name":"(anonymous_6)","decl":{"start":{"line":48,"column":11},"end":{"line":48,"column":12}},"loc":{"start":{"line":48,"column":24},"end":{"line":48,"column":42}},"line":48},"7":{"name":"(anonymous_7)","decl":{"start":{"line":65,"column":11},"end":{"line":65,"column":12}},"loc":{"start":{"line":65,"column":24},"end":{"line":65,"column":43}},"line":65},"8":{"name":"(anonymous_8)","decl":{"start":{"line":68,"column":25},"end":{"line":68,"column":26}},"loc":{"start":{"line":68,"column":38},"end":{"line":68,"column":57}},"line":68},"9":{"name":"(anonymous_9)","decl":{"start":{"line":69,"column":19},"end":{"line":69,"column":20}},"loc":{"start":{"line":70,"column":4},"end":{"line":70,"column":47}},"line":70},"10":{"name":"(anonymous_10)","decl":{"start":{"line":80,"column":11},"end":{"line":80,"column":12}},"loc":{"start":{"line":80,"column":24},"end":{"line":80,"column":43}},"line":80},"11":{"name":"(anonymous_11)","decl":{"start":{"line":83,"column":25},"end":{"line":83,"column":26}},"loc":{"start":{"line":83,"column":38},"end":{"line":83,"column":57}},"line":83},"12":{"name":"(anonymous_12)","decl":{"start":{"line":84,"column":19},"end":{"line":84,"column":20}},"loc":{"start":{"line":85,"column":4},"end":{"line":85,"column":47}},"line":85},"13":{"name":"(anonymous_13)","decl":{"start":{"line":95,"column":11},"end":{"line":95,"column":12}},"loc":{"start":{"line":95,"column":24},"end":{"line":95,"column":33}},"line":95}},"branchMap":{"0":{"loc":{"start":{"line":34,"column":24},"end":{"line":34,"column":52}},"type":"cond-expr","locations":[{"start":{"line":34,"column":31},"end":{"line":34,"column":42}},{"start":{"line":34,"column":45},"end":{"line":34,"column":52}}],"line":34},"1":{"loc":{"start":{"line":35,"column":25},"end":{"line":35,"column":53}},"type":"cond-expr","locations":[{"start":{"line":35,"column":32},"end":{"line":35,"column":43}},{"start":{"line":35,"column":46},"end":{"line":35,"column":53}}],"line":35},"2":{"loc":{"start":{"line":70,"column":4},"end":{"line":70,"column":47}},"type":"cond-expr","locations":[{"start":{"line":70,"column":19},"end":{"line":70,"column":38}},{"start":{"line":70,"column":41},"end":{"line":70,"column":47}}],"line":70},"3":{"loc":{"start":{"line":85,"column":4},"end":{"line":85,"column":47}},"type":"cond-expr","locations":[{"start":{"line":85,"column":19},"end":{"line":85,"column":38}},{"start":{"line":85,"column":41},"end":{"line":85,"column":47}}],"line":85}},"s":{"0":6,"1":10,"2":6,"3":6,"4":2,"5":6,"6":0,"7":6,"8":3,"9":3,"10":6,"11":52,"12":6,"13":52,"14":6,"15":48,"16":48,"17":48,"18":6,"19":9,"20":9,"21":9,"22":6,"23":22,"24":6},"f":{"0":10,"1":2,"2":0,"3":3,"4":3,"5":52,"6":52,"7":48,"8":48,"9":48,"10":9,"11":9,"12":9,"13":22},"b":{"0":[1,2],"1":[1,2],"2":[0,48],"3":[0,9]},"_coverageSchema":"1a1c01bbd47fc00a2c39e90264f33305004495a9","hash":"744a6986141cc485be6e560ec234170a531a1550"}
,"/Users/daniel/Documents/DEV/transactions-manager/src/styles/colors.ts": {"path":"/Users/daniel/Documents/DEV/transactions-manager/src/styles/colors.ts","statementMap":{"0":{"start":{"line":1,"column":22},"end":{"line":13,"column":1}},"1":{"start":{"line":15,"column":30},"end":{"line":17,"column":1}}},"fnMap":{},"branchMap":{},"s":{"0":6,"1":6},"f":{},"b":{},"_coverageSchema":"1a1c01bbd47fc00a2c39e90264f33305004495a9","hash":"af9220d3e85a63071de25d1c49b26f3fc5c0629d"}
}
