{"/Users/daniel/Documents/DEV/transactions-manager/src/index.tsx": {"path":"/Users/daniel/Documents/DEV/transactions-manager/src/index.tsx","statementMap":{"0":{"start":{"line":8,"column":22},"end":{"line":14,"column":1}},"1":{"start":{"line":9,"column":2},"end":{"line":13,"column":4}}},"fnMap":{"0":{"name":"(anonymous_0)","decl":{"start":{"line":8,"column":22},"end":{"line":8,"column":23}},"loc":{"start":{"line":8,"column":28},"end":{"line":14,"column":1}},"line":8}},"branchMap":{},"s":{"0":2,"1":2},"f":{"0":2},"b":{},"_coverageSchema":"1a1c01bbd47fc00a2c39e90264f33305004495a9","hash":"de229be563a5f330a780c9a6e38216897944cb4f"}
,"/Users/daniel/Documents/DEV/transactions-manager/src/assets/index.ts": {"path":"/Users/daniel/Documents/DEV/transactions-manager/src/assets/index.ts","statementMap":{},"fnMap":{},"branchMap":{},"s":{},"f":{},"b":{},"_coverageSchema":"1a1c01bbd47fc00a2c39e90264f33305004495a9","hash":"bea36eecab76fbc2e76e4dfc35bdba33bdfaca74"}
,"/Users/daniel/Documents/DEV/transactions-manager/src/assets/logo.png": {"path":"/Users/daniel/Documents/DEV/transactions-manager/src/assets/logo.png","statementMap":{"0":{"start":{"line":1,"column":0},"end":{"line":4,"column":6}}},"fnMap":{},"branchMap":{},"s":{"0":2},"f":{},"b":{},"inputSourceMap":null,"_coverageSchema":"1a1c01bbd47fc00a2c39e90264f33305004495a9","hash":"89465a9d5a84ea83bae9727278c165c29cba86fe"}
,"/Users/daniel/Documents/DEV/transactions-manager/src/components/index.ts": {"path":"/Users/daniel/Documents/DEV/transactions-manager/src/components/index.ts","statementMap":{},"fnMap":{},"branchMap":{},"s":{},"f":{},"b":{},"_coverageSchema":"1a1c01bbd47fc00a2c39e90264f33305004495a9","hash":"3a0ce275a586733bacd4d6ac84f2ecd54cdaa49e"}
,"/Users/daniel/Documents/DEV/transactions-manager/src/components/KeyboardAvoidingView/index.tsx": {"path":"/Users/daniel/Documents/DEV/transactions-manager/src/components/KeyboardAvoidingView/index.tsx","statementMap":{"0":{"start":{"line":10,"column":46},"end":{"line":19,"column":1}},"1":{"start":{"line":11,"column":2},"end":{"line":18,"column":4}}},"fnMap":{"0":{"name":"(anonymous_0)","decl":{"start":{"line":10,"column":46},"end":{"line":10,"column":47}},"loc":{"start":{"line":10,"column":79},"end":{"line":19,"column":1}},"line":10}},"branchMap":{"0":{"loc":{"start":{"line":13,"column":16},"end":{"line":13,"column":60}},"type":"cond-expr","locations":[{"start":{"line":13,"column":39},"end":{"line":13,"column":48}},{"start":{"line":13,"column":51},"end":{"line":13,"column":60}}],"line":13},"1":{"loc":{"start":{"line":14,"column":30},"end":{"line":14,"column":60}},"type":"cond-expr","locations":[{"start":{"line":14,"column":54},"end":{"line":14,"column":56}},{"start":{"line":14,"column":59},"end":{"line":14,"column":60}}],"line":14},"2":{"loc":{"start":{"line":15,"column":40},"end":{"line":15,"column":76}},"type":"binary-expr","locations":[{"start":{"line":15,"column":40},"end":{"line":15,"column":55}},{"start":{"line":15,"column":59},"end":{"line":15,"column":76}}],"line":15}},"s":{"0":3,"1":1},"f":{"0":1},"b":{"0":[1,0],"1":[1,0],"2":[1,1]},"_coverageSchema":"1a1c01bbd47fc00a2c39e90264f33305004495a9","hash":"df28507befebd8d9bbd2afa0754e417e3d2908c2"}
,"/Users/daniel/Documents/DEV/transactions-manager/src/components/LeftHeaderIcon/index.tsx": {"path":"/Users/daniel/Documents/DEV/transactions-manager/src/components/LeftHeaderIcon/index.tsx","statementMap":{"0":{"start":{"line":9,"column":18},"end":{"line":11,"column":1}},"1":{"start":{"line":13,"column":33},"end":{"line":25,"column":1}},"2":{"start":{"line":14,"column":19},"end":{"line":14,"column":34}},"3":{"start":{"line":15,"column":2},"end":{"line":24,"column":4}},"4":{"start":{"line":19,"column":21},"end":{"line":19,"column":29}}},"fnMap":{"0":{"name":"(anonymous_0)","decl":{"start":{"line":13,"column":33},"end":{"line":13,"column":34}},"loc":{"start":{"line":13,"column":39},"end":{"line":25,"column":1}},"line":13},"1":{"name":"(anonymous_1)","decl":{"start":{"line":19,"column":15},"end":{"line":19,"column":16}},"loc":{"start":{"line":19,"column":21},"end":{"line":19,"column":29}},"line":19}},"branchMap":{},"s":{"0":3,"1":3,"2":1,"3":1,"4":1},"f":{"0":1,"1":1},"b":{},"_coverageSchema":"1a1c01bbd47fc00a2c39e90264f33305004495a9","hash":"a96c4b2cb67e7bf42a14fc308fe7763881587773"}
,"/Users/daniel/Documents/DEV/transactions-manager/src/components/StepIndicator/index.tsx": {"path":"/Users/daniel/Documents/DEV/transactions-manager/src/components/StepIndicator/index.tsx","statementMap":{"0":{"start":{"line":13,"column":44},"end":{"line":37,"column":1}},"1":{"start":{"line":18,"column":2},"end":{"line":36,"column":4}}},"fnMap":{"0":{"name":"(anonymous_0)","decl":{"start":{"line":13,"column":44},"end":{"line":13,"column":45}},"loc":{"start":{"line":17,"column":6},"end":{"line":37,"column":1}},"line":17}},"branchMap":{"0":{"loc":{"start":{"line":22,"column":19},"end":{"line":22,"column":33}},"type":"binary-expr","locations":[{"start":{"line":22,"column":19},"end":{"line":22,"column":28}},{"start":{"line":22,"column":32},"end":{"line":22,"column":33}}],"line":22}},"s":{"0":3,"1":31},"f":{"0":31},"b":{"0":[31,31]},"_coverageSchema":"1a1c01bbd47fc00a2c39e90264f33305004495a9","hash":"9492d00daa101a960643a6d7041e766f9e45b7de"}
,"/Users/daniel/Documents/DEV/transactions-manager/src/components/StepIndicator/styles.ts": {"path":"/Users/daniel/Documents/DEV/transactions-manager/src/components/StepIndicator/styles.ts","statementMap":{"0":{"start":{"line":3,"column":25},"end":{"line":5,"column":1}}},"fnMap":{},"branchMap":{},"s":{"0":3},"f":{},"b":{},"_coverageSchema":"1a1c01bbd47fc00a2c39e90264f33305004495a9","hash":"dd2f8f41e6d35a824848becbe71d7aa290ffbc32"}
,"/Users/daniel/Documents/DEV/transactions-manager/src/helpers/isValidCpf.ts": {"path":"/Users/daniel/Documents/DEV/transactions-manager/src/helpers/isValidCpf.ts","statementMap":{"0":{"start":{"line":1,"column":19},"end":{"line":34,"column":1}},"1":{"start":{"line":2,"column":2},"end":{"line":2,"column":44}},"2":{"start":{"line":2,"column":31},"end":{"line":2,"column":44}},"3":{"start":{"line":3,"column":2},"end":{"line":3,"column":38}},"4":{"start":{"line":4,"column":2},"end":{"line":19,"column":3}},"5":{"start":{"line":18,"column":4},"end":{"line":18,"column":17}},"6":{"start":{"line":20,"column":13},"end":{"line":20,"column":14}},"7":{"start":{"line":22,"column":2},"end":{"line":23,"column":63}},"8":{"start":{"line":22,"column":15},"end":{"line":22,"column":16}},"9":{"start":{"line":23,"column":4},"end":{"line":23,"column":63}},"10":{"start":{"line":24,"column":2},"end":{"line":24,"column":27}},"11":{"start":{"line":25,"column":2},"end":{"line":25,"column":44}},"12":{"start":{"line":25,"column":34},"end":{"line":25,"column":44}},"13":{"start":{"line":26,"column":2},"end":{"line":26,"column":60}},"14":{"start":{"line":26,"column":47},"end":{"line":26,"column":60}},"15":{"start":{"line":27,"column":2},"end":{"line":27,"column":11}},"16":{"start":{"line":28,"column":2},"end":{"line":29,"column":63}},"17":{"start":{"line":28,"column":15},"end":{"line":28,"column":16}},"18":{"start":{"line":29,"column":4},"end":{"line":29,"column":63}},"19":{"start":{"line":30,"column":2},"end":{"line":30,"column":27}},"20":{"start":{"line":31,"column":2},"end":{"line":31,"column":44}},"21":{"start":{"line":31,"column":34},"end":{"line":31,"column":44}},"22":{"start":{"line":32,"column":2},"end":{"line":32,"column":61}},"23":{"start":{"line":32,"column":48},"end":{"line":32,"column":61}},"24":{"start":{"line":33,"column":2},"end":{"line":33,"column":14}}},"fnMap":{"0":{"name":"(anonymous_0)","decl":{"start":{"line":1,"column":19},"end":{"line":1,"column":20}},"loc":{"start":{"line":1,"column":36},"end":{"line":34,"column":1}},"line":1}},"branchMap":{"0":{"loc":{"start":{"line":2,"column":2},"end":{"line":2,"column":44}},"type":"if","locations":[{"start":{"line":2,"column":2},"end":{"line":2,"column":44}},{"start":{"line":2,"column":2},"end":{"line":2,"column":44}}],"line":2},"1":{"loc":{"start":{"line":4,"column":2},"end":{"line":19,"column":3}},"type":"if","locations":[{"start":{"line":4,"column":2},"end":{"line":19,"column":3}},{"start":{"line":4,"column":2},"end":{"line":19,"column":3}}],"line":4},"2":{"loc":{"start":{"line":5,"column":4},"end":{"line":16,"column":24}},"type":"binary-expr","locations":[{"start":{"line":5,"column":4},"end":{"line":5,"column":8}},{"start":{"line":6,"column":4},"end":{"line":6,"column":20}},{"start":{"line":7,"column":4},"end":{"line":7,"column":24}},{"start":{"line":8,"column":4},"end":{"line":8,"column":24}},{"start":{"line":9,"column":4},"end":{"line":9,"column":24}},{"start":{"line":10,"column":4},"end":{"line":10,"column":24}},{"start":{"line":11,"column":4},"end":{"line":11,"column":24}},{"start":{"line":12,"column":4},"end":{"line":12,"column":24}},{"start":{"line":13,"column":4},"end":{"line":13,"column":24}},{"start":{"line":14,"column":4},"end":{"line":14,"column":24}},{"start":{"line":15,"column":4},"end":{"line":15,"column":24}},{"start":{"line":16,"column":4},"end":{"line":16,"column":24}}],"line":5},"3":{"loc":{"start":{"line":25,"column":2},"end":{"line":25,"column":44}},"type":"if","locations":[{"start":{"line":25,"column":2},"end":{"line":25,"column":44}},{"start":{"line":25,"column":2},"end":{"line":25,"column":44}}],"line":25},"4":{"loc":{"start":{"line":25,"column":6},"end":{"line":25,"column":32}},"type":"binary-expr","locations":[{"start":{"line":25,"column":6},"end":{"line":25,"column":17}},{"start":{"line":25,"column":21},"end":{"line":25,"column":32}}],"line":25},"5":{"loc":{"start":{"line":26,"column":2},"end":{"line":26,"column":60}},"type":"if","locations":[{"start":{"line":26,"column":2},"end":{"line":26,"column":60}},{"start":{"line":26,"column":2},"end":{"line":26,"column":60}}],"line":26},"6":{"loc":{"start":{"line":31,"column":2},"end":{"line":31,"column":44}},"type":"if","locations":[{"start":{"line":31,"column":2},"end":{"line":31,"column":44}},{"start":{"line":31,"column":2},"end":{"line":31,"column":44}}],"line":31},"7":{"loc":{"start":{"line":31,"column":6},"end":{"line":31,"column":32}},"type":"binary-expr","locations":[{"start":{"line":31,"column":6},"end":{"line":31,"column":17}},{"start":{"line":31,"column":21},"end":{"line":31,"column":32}}],"line":31},"8":{"loc":{"start":{"line":32,"column":2},"end":{"line":32,"column":61}},"type":"if","locations":[{"start":{"line":32,"column":2},"end":{"line":32,"column":61}},{"start":{"line":32,"column":2},"end":{"line":32,"column":61}}],"line":32}},"s":{"0":4,"1":8,"2":0,"3":8,"4":8,"5":0,"6":8,"7":8,"8":8,"9":72,"10":8,"11":8,"12":0,"13":8,"14":0,"15":8,"16":8,"17":8,"18":80,"19":8,"20":8,"21":0,"22":8,"23":2,"24":6},"f":{"0":8},"b":{"0":[0,8],"1":[0,8],"2":[8,8,8,8,8,8,8,8,8,8,8,8],"3":[0,8],"4":[8,8],"5":[0,8],"6":[0,8],"7":[8,8],"8":[2,6]},"_coverageSchema":"1a1c01bbd47fc00a2c39e90264f33305004495a9","hash":"a550d0c08f9f008ac71150b5f75b4ff3656e6509"}
,"/Users/daniel/Documents/DEV/transactions-manager/src/helpers/removeFalsy.ts": {"path":"/Users/daniel/Documents/DEV/transactions-manager/src/helpers/removeFalsy.ts","statementMap":{"0":{"start":{"line":1,"column":20},"end":{"line":9,"column":1}},"1":{"start":{"line":2,"column":15},"end":{"line":2,"column":17}},"2":{"start":{"line":3,"column":2},"end":{"line":7,"column":5}},"3":{"start":{"line":4,"column":4},"end":{"line":6,"column":5}},"4":{"start":{"line":5,"column":6},"end":{"line":5,"column":31}},"5":{"start":{"line":8,"column":2},"end":{"line":8,"column":16}}},"fnMap":{"0":{"name":"(anonymous_0)","decl":{"start":{"line":1,"column":20},"end":{"line":1,"column":21}},"loc":{"start":{"line":1,"column":37},"end":{"line":9,"column":1}},"line":1},"1":{"name":"(anonymous_1)","decl":{"start":{"line":3,"column":27},"end":{"line":3,"column":28}},"loc":{"start":{"line":3,"column":35},"end":{"line":7,"column":3}},"line":3}},"branchMap":{"0":{"loc":{"start":{"line":4,"column":4},"end":{"line":6,"column":5}},"type":"if","locations":[{"start":{"line":4,"column":4},"end":{"line":6,"column":5}},{"start":{"line":4,"column":4},"end":{"line":6,"column":5}}],"line":4}},"s":{"0":4,"1":17,"2":17,"3":58,"4":8,"5":17},"f":{"0":17,"1":58},"b":{"0":[8,50]},"_coverageSchema":"1a1c01bbd47fc00a2c39e90264f33305004495a9","hash":"6ad5c4c4772c1a4c53db6aff3d6c059d4b5cd3aa"}
,"/Users/daniel/Documents/DEV/transactions-manager/src/locales/brazilianPortuguese.ts": {"path":"/Users/daniel/Documents/DEV/transactions-manager/src/locales/brazilianPortuguese.ts","statementMap":{"0":{"start":{"line":1,"column":28},"end":{"line":16,"column":1}}},"fnMap":{},"branchMap":{},"s":{"0":4},"f":{},"b":{},"_coverageSchema":"1a1c01bbd47fc00a2c39e90264f33305004495a9","hash":"49f10c0b9dbed490607580af2e1831a013455504"}
,"/Users/daniel/Documents/DEV/transactions-manager/src/locales/english.ts": {"path":"/Users/daniel/Documents/DEV/transactions-manager/src/locales/english.ts","statementMap":{"0":{"start":{"line":1,"column":16},"end":{"line":16,"column":1}}},"fnMap":{},"branchMap":{},"s":{"0":4},"f":{},"b":{},"_coverageSchema":"1a1c01bbd47fc00a2c39e90264f33305004495a9","hash":"927271eabfda1e0144d5d42f0511b2746f55510f"}
,"/Users/daniel/Documents/DEV/transactions-manager/src/locales/index.tsx": {"path":"/Users/daniel/Documents/DEV/transactions-manager/src/locales/index.tsx","statementMap":{"0":{"start":{"line":7,"column":27},"end":{"line":10,"column":1}},"1":{"start":{"line":12,"column":25},"end":{"line":20,"column":1}},"2":{"start":{"line":13,"column":27},"end":{"line":13,"column":31}},"3":{"start":{"line":14,"column":17},"end":{"line":14,"column":32}},"4":{"start":{"line":15,"column":33},"end":{"line":17,"column":45}},"5":{"start":{"line":18,"column":25},"end":{"line":18,"column":67}},"6":{"start":{"line":19,"column":2},"end":{"line":19,"column":22}}},"fnMap":{"0":{"name":"(anonymous_0)","decl":{"start":{"line":12,"column":25},"end":{"line":12,"column":26}},"loc":{"start":{"line":12,"column":43},"end":{"line":20,"column":1}},"line":12}},"branchMap":{"0":{"loc":{"start":{"line":15,"column":33},"end":{"line":17,"column":45}},"type":"cond-expr","locations":[{"start":{"line":16,"column":6},"end":{"line":16,"column":42}},{"start":{"line":17,"column":6},"end":{"line":17,"column":45}}],"line":15},"1":{"loc":{"start":{"line":19,"column":9},"end":{"line":19,"column":21}},"type":"binary-expr","locations":[{"start":{"line":19,"column":9},"end":{"line":19,"column":15}},{"start":{"line":19,"column":19},"end":{"line":19,"column":21}}],"line":19}},"s":{"0":4,"1":4,"2":117,"3":117,"4":117,"5":117,"6":117},"f":{"0":117},"b":{"0":[117,0],"1":[117,0]},"_coverageSchema":"1a1c01bbd47fc00a2c39e90264f33305004495a9","hash":"4754fcc3085a5c789d313ac26e8976b9bc5d7f63"}
,"/Users/daniel/Documents/DEV/transactions-manager/src/routes/index.tsx": {"path":"/Users/daniel/Documents/DEV/transactions-manager/src/routes/index.tsx","statementMap":{"0":{"start":{"line":15,"column":20},"end":{"line":31,"column":1}},"1":{"start":{"line":33,"column":25},"end":{"line":62,"column":1}},"2":{"start":{"line":34,"column":16},"end":{"line":34,"column":38}},"3":{"start":{"line":35,"column":2},"end":{"line":61,"column":4}}},"fnMap":{"0":{"name":"(anonymous_0)","decl":{"start":{"line":33,"column":25},"end":{"line":33,"column":26}},"loc":{"start":{"line":33,"column":31},"end":{"line":62,"column":1}},"line":33}},"branchMap":{},"s":{"0":2,"1":2,"2":2,"3":2},"f":{"0":2},"b":{},"_coverageSchema":"1a1c01bbd47fc00a2c39e90264f33305004495a9","hash":"cfc7a39e4ff50f0db0ce3288bdfcb246cd1efd7f"}
,"/Users/daniel/Documents/DEV/transactions-manager/src/routes/types.ts": {"path":"/Users/daniel/Documents/DEV/transactions-manager/src/routes/types.ts","statementMap":{"0":{"start":{"line":1,"column":26},"end":{"line":7,"column":1}}},"fnMap":{},"branchMap":{},"s":{"0":2},"f":{},"b":{},"_coverageSchema":"1a1c01bbd47fc00a2c39e90264f33305004495a9","hash":"e9c71cc60cde626751b33a9dc274e1e1265c34cc"}
,"/Users/daniel/Documents/DEV/transactions-manager/src/screens/Home/index.tsx": {"path":"/Users/daniel/Documents/DEV/transactions-manager/src/screens/Home/index.tsx","statementMap":{"0":{"start":{"line":6,"column":26},"end":{"line":12,"column":1}},"1":{"start":{"line":7,"column":2},"end":{"line":11,"column":4}}},"fnMap":{"0":{"name":"(anonymous_0)","decl":{"start":{"line":6,"column":26},"end":{"line":6,"column":27}},"loc":{"start":{"line":6,"column":32},"end":{"line":12,"column":1}},"line":6}},"branchMap":{},"s":{"0":2,"1":0},"f":{"0":0},"b":{},"_coverageSchema":"1a1c01bbd47fc00a2c39e90264f33305004495a9","hash":"632b6796c81ac84434180088e4298ac3398ae683"}
,"/Users/daniel/Documents/DEV/transactions-manager/src/screens/Login/LoginForm.tsx": {"path":"/Users/daniel/Documents/DEV/transactions-manager/src/screens/Login/LoginForm.tsx","statementMap":{"0":{"start":{"line":12,"column":28},"end":{"line":85,"column":1}},"1":{"start":{"line":13,"column":27},"end":{"line":13,"column":35}},"2":{"start":{"line":14,"column":70},"end":{"line":40,"column":3}},"3":{"start":{"line":21,"column":20},"end":{"line":24,"column":9}},"4":{"start":{"line":25,"column":26},"end":{"line":25,"column":48}},"5":{"start":{"line":26,"column":8},"end":{"line":26,"column":45}},"6":{"start":{"line":26,"column":25},"end":{"line":26,"column":45}},"7":{"start":{"line":27,"column":8},"end":{"line":28,"column":43}},"8":{"start":{"line":28,"column":10},"end":{"line":28,"column":43}},"9":{"start":{"line":29,"column":8},"end":{"line":30,"column":44}},"10":{"start":{"line":30,"column":10},"end":{"line":30,"column":44}},"11":{"start":{"line":31,"column":8},"end":{"line":31,"column":55}},"12":{"start":{"line":31,"column":30},"end":{"line":31,"column":55}},"13":{"start":{"line":32,"column":8},"end":{"line":33,"column":53}},"14":{"start":{"line":33,"column":10},"end":{"line":33,"column":53}},"15":{"start":{"line":34,"column":8},"end":{"line":34,"column":32}},"16":{"start":{"line":37,"column":8},"end":{"line":37,"column":28}},"17":{"start":{"line":42,"column":2},"end":{"line":84,"column":4}},"18":{"start":{"line":52,"column":31},"end":{"line":52,"column":79}},"19":{"start":{"line":78,"column":12},"end":{"line":78,"column":27}}},"fnMap":{"0":{"name":"(anonymous_0)","decl":{"start":{"line":12,"column":28},"end":{"line":12,"column":29}},"loc":{"start":{"line":12,"column":34},"end":{"line":85,"column":1}},"line":12},"1":{"name":"(anonymous_1)","decl":{"start":{"line":20,"column":16},"end":{"line":20,"column":17}},"loc":{"start":{"line":20,"column":26},"end":{"line":35,"column":7}},"line":20},"2":{"name":"(anonymous_2)","decl":{"start":{"line":36,"column":16},"end":{"line":36,"column":17}},"loc":{"start":{"line":36,"column":26},"end":{"line":38,"column":7}},"line":36},"3":{"name":"(anonymous_3)","decl":{"start":{"line":52,"column":25},"end":{"line":52,"column":26}},"loc":{"start":{"line":52,"column":31},"end":{"line":52,"column":79}},"line":52},"4":{"name":"(anonymous_4)","decl":{"start":{"line":77,"column":19},"end":{"line":77,"column":20}},"loc":{"start":{"line":77,"column":25},"end":{"line":79,"column":11}},"line":77}},"branchMap":{"0":{"loc":{"start":{"line":26,"column":8},"end":{"line":26,"column":45}},"type":"if","locations":[{"start":{"line":26,"column":8},"end":{"line":26,"column":45}},{"start":{"line":26,"column":8},"end":{"line":26,"column":45}}],"line":26},"1":{"loc":{"start":{"line":27,"column":8},"end":{"line":28,"column":43}},"type":"if","locations":[{"start":{"line":27,"column":8},"end":{"line":28,"column":43}},{"start":{"line":27,"column":8},"end":{"line":28,"column":43}}],"line":27},"2":{"loc":{"start":{"line":27,"column":12},"end":{"line":27,"column":59}},"type":"binary-expr","locations":[{"start":{"line":27,"column":12},"end":{"line":27,"column":33}},{"start":{"line":27,"column":37},"end":{"line":27,"column":59}}],"line":27},"3":{"loc":{"start":{"line":29,"column":8},"end":{"line":30,"column":44}},"type":"if","locations":[{"start":{"line":29,"column":8},"end":{"line":30,"column":44}},{"start":{"line":29,"column":8},"end":{"line":30,"column":44}}],"line":29},"4":{"loc":{"start":{"line":29,"column":12},"end":{"line":29,"column":63}},"type":"binary-expr","locations":[{"start":{"line":29,"column":12},"end":{"line":29,"column":36}},{"start":{"line":29,"column":40},"end":{"line":29,"column":63}}],"line":29},"5":{"loc":{"start":{"line":31,"column":8},"end":{"line":31,"column":55}},"type":"if","locations":[{"start":{"line":31,"column":8},"end":{"line":31,"column":55}},{"start":{"line":31,"column":8},"end":{"line":31,"column":55}}],"line":31},"6":{"loc":{"start":{"line":32,"column":8},"end":{"line":33,"column":53}},"type":"if","locations":[{"start":{"line":32,"column":8},"end":{"line":33,"column":53}},{"start":{"line":32,"column":8},"end":{"line":33,"column":53}}],"line":32},"7":{"loc":{"start":{"line":54,"column":7},"end":{"line":56,"column":7}},"type":"binary-expr","locations":[{"start":{"line":54,"column":7},"end":{"line":54,"column":19}},{"start":{"line":55,"column":8},"end":{"line":55,"column":66}}],"line":54},"8":{"loc":{"start":{"line":71,"column":7},"end":{"line":73,"column":7}},"type":"binary-expr","locations":[{"start":{"line":71,"column":7},"end":{"line":71,"column":24}},{"start":{"line":72,"column":8},"end":{"line":72,"column":76}}],"line":71}},"s":{"0":3,"1":11,"2":11,"3":5,"4":5,"5":5,"6":0,"7":5,"8":0,"9":5,"10":1,"11":5,"12":2,"13":5,"14":3,"15":5,"16":1,"17":11,"18":0,"19":1},"f":{"0":11,"1":5,"2":1,"3":0,"4":1},"b":{"0":[0,5],"1":[0,5],"2":[5,5],"3":[1,4],"4":[5,5],"5":[2,3],"6":[3,2],"7":[11,2],"8":[11,6]},"_coverageSchema":"1a1c01bbd47fc00a2c39e90264f33305004495a9","hash":"76b75c3e1e883496cb4ea4efe163a639417a4256"}
,"/Users/daniel/Documents/DEV/transactions-manager/src/screens/Login/index.tsx": {"path":"/Users/daniel/Documents/DEV/transactions-manager/src/screens/Login/index.tsx","statementMap":{"0":{"start":{"line":11,"column":27},"end":{"line":27,"column":1}},"1":{"start":{"line":12,"column":2},"end":{"line":26,"column":4}}},"fnMap":{"0":{"name":"(anonymous_0)","decl":{"start":{"line":11,"column":27},"end":{"line":11,"column":28}},"loc":{"start":{"line":11,"column":33},"end":{"line":27,"column":1}},"line":11}},"branchMap":{},"s":{"0":2,"1":0},"f":{"0":0},"b":{},"_coverageSchema":"1a1c01bbd47fc00a2c39e90264f33305004495a9","hash":"4f3dbb29a0807de48af6cd5e888c5bc149e1627b"}
,"/Users/daniel/Documents/DEV/transactions-manager/src/screens/Login/styles.ts": {"path":"/Users/daniel/Documents/DEV/transactions-manager/src/screens/Login/styles.ts","statementMap":{"0":{"start":{"line":3,"column":31},"end":{"line":3,"column":44}},"1":{"start":{"line":5,"column":32},"end":{"line":8,"column":1}},"2":{"start":{"line":10,"column":29},"end":{"line":12,"column":1}}},"fnMap":{},"branchMap":{},"s":{"0":3,"1":3,"2":3},"f":{},"b":{},"_coverageSchema":"1a1c01bbd47fc00a2c39e90264f33305004495a9","hash":"487ac4a4d8ebcc19370028062717d41b5464829b"}
,"/Users/daniel/Documents/DEV/transactions-manager/src/screens/Preload/index.tsx": {"path":"/Users/daniel/Documents/DEV/transactions-manager/src/screens/Preload/index.tsx","statementMap":{"0":{"start":{"line":11,"column":18},"end":{"line":15,"column":1}},"1":{"start":{"line":17,"column":26},"end":{"line":42,"column":1}},"2":{"start":{"line":18,"column":21},"end":{"line":18,"column":36}},"3":{"start":{"line":19,"column":27},"end":{"line":28,"column":3}},"4":{"start":{"line":20,"column":19},"end":{"line":20,"column":56}},"5":{"start":{"line":22,"column":4},"end":{"line":27,"column":13}},"6":{"start":{"line":23,"column":6},"end":{"line":25,"column":7}},"7":{"start":{"line":24,"column":8},"end":{"line":24,"column":52}},"8":{"start":{"line":26,"column":6},"end":{"line":26,"column":53}},"9":{"start":{"line":30,"column":2},"end":{"line":32,"column":9}},"10":{"start":{"line":31,"column":4},"end":{"line":31,"column":23}},"11":{"start":{"line":34,"column":2},"end":{"line":41,"column":4}}},"fnMap":{"0":{"name":"(anonymous_0)","decl":{"start":{"line":17,"column":26},"end":{"line":17,"column":27}},"loc":{"start":{"line":17,"column":32},"end":{"line":42,"column":1}},"line":17},"1":{"name":"(anonymous_1)","decl":{"start":{"line":19,"column":27},"end":{"line":19,"column":28}},"loc":{"start":{"line":19,"column":39},"end":{"line":28,"column":3}},"line":19},"2":{"name":"(anonymous_2)","decl":{"start":{"line":22,"column":15},"end":{"line":22,"column":16}},"loc":{"start":{"line":22,"column":21},"end":{"line":27,"column":5}},"line":22},"3":{"name":"(anonymous_3)","decl":{"start":{"line":30,"column":12},"end":{"line":30,"column":13}},"loc":{"start":{"line":30,"column":18},"end":{"line":32,"column":3}},"line":30}},"branchMap":{"0":{"loc":{"start":{"line":23,"column":6},"end":{"line":25,"column":7}},"type":"if","locations":[{"start":{"line":23,"column":6},"end":{"line":25,"column":7}},{"start":{"line":23,"column":6},"end":{"line":25,"column":7}}],"line":23}},"s":{"0":2,"1":2,"2":2,"3":2,"4":2,"5":2,"6":1,"7":0,"8":1,"9":2,"10":2,"11":2},"f":{"0":2,"1":2,"2":1,"3":2},"b":{"0":[0,1]},"_coverageSchema":"1a1c01bbd47fc00a2c39e90264f33305004495a9","hash":"bff7b9f882d66871a131ffccdd9df14d7e0a6982"}
,"/Users/daniel/Documents/DEV/transactions-manager/src/screens/Register/RegistrationForm.tsx": {"path":"/Users/daniel/Documents/DEV/transactions-manager/src/screens/Register/RegistrationForm.tsx","statementMap":{"0":{"start":{"line":19,"column":35},"end":{"line":178,"column":1}},"1":{"start":{"line":20,"column":48},"end":{"line":20,"column":59}},"2":{"start":{"line":22,"column":70},"end":{"line":76,"column":3}},"3":{"start":{"line":31,"column":20},"end":{"line":36,"column":9}},"4":{"start":{"line":37,"column":26},"end":{"line":37,"column":48}},"5":{"start":{"line":38,"column":8},"end":{"line":38,"column":70}},"6":{"start":{"line":38,"column":50},"end":{"line":38,"column":70}},"7":{"start":{"line":39,"column":8},"end":{"line":44,"column":43}},"8":{"start":{"line":44,"column":10},"end":{"line":44,"column":43}},"9":{"start":{"line":45,"column":8},"end":{"line":50,"column":44}},"10":{"start":{"line":50,"column":10},"end":{"line":50,"column":44}},"11":{"start":{"line":51,"column":8},"end":{"line":51,"column":72}},"12":{"start":{"line":51,"column":51},"end":{"line":51,"column":72}},"13":{"start":{"line":53,"column":8},"end":{"line":53,"column":80}},"14":{"start":{"line":53,"column":55},"end":{"line":53,"column":80}},"15":{"start":{"line":54,"column":8},"end":{"line":55,"column":53}},"16":{"start":{"line":55,"column":10},"end":{"line":55,"column":53}},"17":{"start":{"line":56,"column":8},"end":{"line":57,"column":42}},"18":{"start":{"line":57,"column":10},"end":{"line":57,"column":42}},"19":{"start":{"line":58,"column":8},"end":{"line":63,"column":61}},"20":{"start":{"line":63,"column":10},"end":{"line":63,"column":61}},"21":{"start":{"line":65,"column":8},"end":{"line":65,"column":32}},"22":{"start":{"line":68,"column":8},"end":{"line":73,"column":9}},"23":{"start":{"line":69,"column":10},"end":{"line":69,"column":19}},"24":{"start":{"line":71,"column":10},"end":{"line":71,"column":50}},"25":{"start":{"line":72,"column":10},"end":{"line":72,"column":19}},"26":{"start":{"line":78,"column":32},"end":{"line":81,"column":3}},"27":{"start":{"line":79,"column":4},"end":{"line":79,"column":45}},"28":{"start":{"line":79,"column":38},"end":{"line":79,"column":45}},"29":{"start":{"line":80,"column":4},"end":{"line":80,"column":72}},"30":{"start":{"line":80,"column":36},"end":{"line":80,"column":72}},"31":{"start":{"line":83,"column":2},"end":{"line":177,"column":4}},"32":{"start":{"line":111,"column":14},"end":{"line":111,"column":63}},"33":{"start":{"line":171,"column":12},"end":{"line":171,"column":27}}},"fnMap":{"0":{"name":"(anonymous_0)","decl":{"start":{"line":19,"column":35},"end":{"line":19,"column":36}},"loc":{"start":{"line":19,"column":41},"end":{"line":178,"column":1}},"line":19},"1":{"name":"(anonymous_1)","decl":{"start":{"line":30,"column":16},"end":{"line":30,"column":17}},"loc":{"start":{"line":30,"column":26},"end":{"line":66,"column":7}},"line":30},"2":{"name":"(anonymous_2)","decl":{"start":{"line":67,"column":16},"end":{"line":67,"column":17}},"loc":{"start":{"line":67,"column":26},"end":{"line":74,"column":7}},"line":67},"3":{"name":"(anonymous_3)","decl":{"start":{"line":69,"column":10},"end":{"line":69,"column":11}},"loc":{"start":{"line":69,"column":16},"end":{"line":69,"column":18}},"line":69},"4":{"name":"(anonymous_4)","decl":{"start":{"line":72,"column":10},"end":{"line":72,"column":11}},"loc":{"start":{"line":72,"column":16},"end":{"line":72,"column":18}},"line":72},"5":{"name":"(anonymous_5)","decl":{"start":{"line":78,"column":32},"end":{"line":78,"column":33}},"loc":{"start":{"line":78,"column":54},"end":{"line":81,"column":3}},"line":78},"6":{"name":"(anonymous_6)","decl":{"start":{"line":110,"column":26},"end":{"line":110,"column":27}},"loc":{"start":{"line":111,"column":14},"end":{"line":111,"column":63}},"line":111},"7":{"name":"(anonymous_7)","decl":{"start":{"line":170,"column":19},"end":{"line":170,"column":20}},"loc":{"start":{"line":170,"column":25},"end":{"line":172,"column":11}},"line":170}},"branchMap":{"0":{"loc":{"start":{"line":38,"column":8},"end":{"line":38,"column":70}},"type":"if","locations":[{"start":{"line":38,"column":8},"end":{"line":38,"column":70}},{"start":{"line":38,"column":8},"end":{"line":38,"column":70}}],"line":38},"1":{"loc":{"start":{"line":38,"column":12},"end":{"line":38,"column":48}},"type":"binary-expr","locations":[{"start":{"line":38,"column":12},"end":{"line":38,"column":33}},{"start":{"line":38,"column":37},"end":{"line":38,"column":48}}],"line":38},"2":{"loc":{"start":{"line":39,"column":8},"end":{"line":44,"column":43}},"type":"if","locations":[{"start":{"line":39,"column":8},"end":{"line":44,"column":43}},{"start":{"line":39,"column":8},"end":{"line":44,"column":43}}],"line":39},"3":{"loc":{"start":{"line":40,"column":10},"end":{"line":42,"column":32}},"type":"binary-expr","locations":[{"start":{"line":40,"column":10},"end":{"line":40,"column":31}},{"start":{"line":41,"column":10},"end":{"line":41,"column":31}},{"start":{"line":42,"column":10},"end":{"line":42,"column":32}}],"line":40},"4":{"loc":{"start":{"line":45,"column":8},"end":{"line":50,"column":44}},"type":"if","locations":[{"start":{"line":45,"column":8},"end":{"line":50,"column":44}},{"start":{"line":45,"column":8},"end":{"line":50,"column":44}}],"line":45},"5":{"loc":{"start":{"line":46,"column":10},"end":{"line":48,"column":33}},"type":"binary-expr","locations":[{"start":{"line":46,"column":10},"end":{"line":46,"column":31}},{"start":{"line":47,"column":10},"end":{"line":47,"column":34}},{"start":{"line":48,"column":10},"end":{"line":48,"column":33}}],"line":46},"6":{"loc":{"start":{"line":51,"column":8},"end":{"line":51,"column":72}},"type":"if","locations":[{"start":{"line":51,"column":8},"end":{"line":51,"column":72}},{"start":{"line":51,"column":8},"end":{"line":51,"column":72}}],"line":51},"7":{"loc":{"start":{"line":51,"column":12},"end":{"line":51,"column":49}},"type":"binary-expr","locations":[{"start":{"line":51,"column":12},"end":{"line":51,"column":33}},{"start":{"line":51,"column":37},"end":{"line":51,"column":49}}],"line":51},"8":{"loc":{"start":{"line":53,"column":8},"end":{"line":53,"column":80}},"type":"if","locations":[{"start":{"line":53,"column":8},"end":{"line":53,"column":80}},{"start":{"line":53,"column":8},"end":{"line":53,"column":80}}],"line":53},"9":{"loc":{"start":{"line":53,"column":12},"end":{"line":53,"column":53}},"type":"binary-expr","locations":[{"start":{"line":53,"column":12},"end":{"line":53,"column":33}},{"start":{"line":53,"column":37},"end":{"line":53,"column":53}}],"line":53},"10":{"loc":{"start":{"line":54,"column":8},"end":{"line":55,"column":53}},"type":"if","locations":[{"start":{"line":54,"column":8},"end":{"line":55,"column":53}},{"start":{"line":54,"column":8},"end":{"line":55,"column":53}}],"line":54},"11":{"loc":{"start":{"line":54,"column":12},"end":{"line":54,"column":63}},"type":"binary-expr","locations":[{"start":{"line":54,"column":12},"end":{"line":54,"column":33}},{"start":{"line":54,"column":37},"end":{"line":54,"column":63}}],"line":54},"12":{"loc":{"start":{"line":56,"column":8},"end":{"line":57,"column":42}},"type":"if","locations":[{"start":{"line":56,"column":8},"end":{"line":57,"column":42}},{"start":{"line":56,"column":8},"end":{"line":57,"column":42}}],"line":56},"13":{"loc":{"start":{"line":56,"column":12},"end":{"line":56,"column":60}},"type":"binary-expr","locations":[{"start":{"line":56,"column":12},"end":{"line":56,"column":33}},{"start":{"line":56,"column":37},"end":{"line":56,"column":60}}],"line":56},"14":{"loc":{"start":{"line":58,"column":8},"end":{"line":63,"column":61}},"type":"if","locations":[{"start":{"line":58,"column":8},"end":{"line":63,"column":61}},{"start":{"line":58,"column":8},"end":{"line":63,"column":61}}],"line":58},"15":{"loc":{"start":{"line":59,"column":10},"end":{"line":61,"column":52}},"type":"binary-expr","locations":[{"start":{"line":59,"column":10},"end":{"line":59,"column":31}},{"start":{"line":60,"column":10},"end":{"line":60,"column":43}},{"start":{"line":61,"column":10},"end":{"line":61,"column":52}}],"line":59},"16":{"loc":{"start":{"line":68,"column":8},"end":{"line":73,"column":9}},"type":"if","locations":[{"start":{"line":68,"column":8},"end":{"line":73,"column":9}},{"start":{"line":68,"column":8},"end":{"line":73,"column":9}}],"line":68},"17":{"loc":{"start":{"line":79,"column":4},"end":{"line":79,"column":45}},"type":"if","locations":[{"start":{"line":79,"column":4},"end":{"line":79,"column":45}},{"start":{"line":79,"column":4},"end":{"line":79,"column":45}}],"line":79},"18":{"loc":{"start":{"line":80,"column":4},"end":{"line":80,"column":72}},"type":"if","locations":[{"start":{"line":80,"column":4},"end":{"line":80,"column":72}},{"start":{"line":80,"column":4},"end":{"line":80,"column":72}}],"line":80},"19":{"loc":{"start":{"line":85,"column":7},"end":{"line":101,"column":7}},"type":"binary-expr","locations":[{"start":{"line":85,"column":7},"end":{"line":85,"column":28}},{"start":{"line":86,"column":8},"end":{"line":100,"column":11}}],"line":85},"20":{"loc":{"start":{"line":97,"column":11},"end":{"line":99,"column":11}},"type":"binary-expr","locations":[{"start":{"line":97,"column":11},"end":{"line":97,"column":23}},{"start":{"line":98,"column":12},"end":{"line":98,"column":70}}],"line":97},"21":{"loc":{"start":{"line":102,"column":7},"end":{"line":118,"column":7}},"type":"binary-expr","locations":[{"start":{"line":102,"column":7},"end":{"line":102,"column":28}},{"start":{"line":103,"column":8},"end":{"line":117,"column":11}}],"line":102},"22":{"loc":{"start":{"line":114,"column":11},"end":{"line":116,"column":11}},"type":"binary-expr","locations":[{"start":{"line":114,"column":11},"end":{"line":114,"column":24}},{"start":{"line":115,"column":12},"end":{"line":115,"column":72}}],"line":114},"23":{"loc":{"start":{"line":119,"column":7},"end":{"line":138,"column":7}},"type":"binary-expr","locations":[{"start":{"line":119,"column":7},"end":{"line":119,"column":28}},{"start":{"line":120,"column":8},"end":{"line":137,"column":11}}],"line":119},"24":{"loc":{"start":{"line":134,"column":11},"end":{"line":136,"column":11}},"type":"binary-expr","locations":[{"start":{"line":134,"column":11},"end":{"line":134,"column":28}},{"start":{"line":135,"column":12},"end":{"line":135,"column":80}}],"line":134},"25":{"loc":{"start":{"line":139,"column":7},"end":{"line":160,"column":7}},"type":"binary-expr","locations":[{"start":{"line":139,"column":7},"end":{"line":139,"column":28}},{"start":{"line":140,"column":8},"end":{"line":159,"column":11}}],"line":139},"26":{"loc":{"start":{"line":154,"column":11},"end":{"line":158,"column":11}},"type":"binary-expr","locations":[{"start":{"line":154,"column":11},"end":{"line":154,"column":35}},{"start":{"line":155,"column":12},"end":{"line":157,"column":24}}],"line":154}},"s":{"0":3,"1":35,"2":35,"3":12,"4":12,"5":12,"6":0,"7":12,"8":0,"9":12,"10":1,"11":12,"12":1,"13":12,"14":0,"15":12,"16":1,"17":12,"18":0,"19":12,"20":1,"21":12,"22":4,"23":1,"24":3,"25":3,"26":35,"27":0,"28":0,"29":0,"30":0,"31":35,"32":1,"33":5},"f":{"0":35,"1":12,"2":4,"3":0,"4":0,"5":0,"6":1,"7":5},"b":{"0":[0,12],"1":[12,3],"2":[0,12],"3":[12,3,3],"4":[1,11],"5":[12,3,3],"6":[1,11],"7":[12,3],"8":[0,12],"9":[12,3],"10":[1,11],"11":[12,3],"12":[0,12],"13":[12,3],"14":[1,11],"15":[12,3,3],"16":[1,3],"17":[0,0],"18":[0,0],"19":[35,9],"20":[9,3],"21":[35,10],"22":[10,4],"23":[35,8],"24":[8,3],"25":[35,8],"26":[8,3]},"_coverageSchema":"1a1c01bbd47fc00a2c39e90264f33305004495a9","hash":"3e60051b328a9188390c3fc8dac7bde1397f03cd"}
,"/Users/daniel/Documents/DEV/transactions-manager/src/screens/Register/index.tsx": {"path":"/Users/daniel/Documents/DEV/transactions-manager/src/screens/Register/index.tsx","statementMap":{"0":{"start":{"line":10,"column":27},"end":{"line":24,"column":1}},"1":{"start":{"line":11,"column":2},"end":{"line":23,"column":4}}},"fnMap":{"0":{"name":"(anonymous_0)","decl":{"start":{"line":10,"column":27},"end":{"line":10,"column":28}},"loc":{"start":{"line":10,"column":33},"end":{"line":24,"column":1}},"line":10}},"branchMap":{},"s":{"0":2,"1":1},"f":{"0":1},"b":{},"_coverageSchema":"1a1c01bbd47fc00a2c39e90264f33305004495a9","hash":"d08885b2cafed68806e1aed5ac09c3c7bc39958f"}
,"/Users/daniel/Documents/DEV/transactions-manager/src/screens/Register/styles.ts": {"path":"/Users/daniel/Documents/DEV/transactions-manager/src/screens/Register/styles.ts","statementMap":{"0":{"start":{"line":3,"column":31},"end":{"line":3,"column":44}},"1":{"start":{"line":5,"column":26},"end":{"line":13,"column":1}},"2":{"start":{"line":6,"column":24},"end":{"line":6,"column":43}},"3":{"start":{"line":15,"column":32},"end":{"line":18,"column":1}}},"fnMap":{"0":{"name":"(anonymous_0)","decl":{"start":{"line":6,"column":11},"end":{"line":6,"column":12}},"loc":{"start":{"line":6,"column":24},"end":{"line":6,"column":43}},"line":6}},"branchMap":{},"s":{"0":3,"1":3,"2":1,"3":3},"f":{"0":1},"b":{},"_coverageSchema":"1a1c01bbd47fc00a2c39e90264f33305004495a9","hash":"80a69f82b5a6e9bcb55b81d8b4b9b06c5a8006a0"}
,"/Users/daniel/Documents/DEV/transactions-manager/src/screens/Starter/index.tsx": {"path":"/Users/daniel/Documents/DEV/transactions-manager/src/screens/Starter/index.tsx","statementMap":{"0":{"start":{"line":11,"column":26},"end":{"line":27,"column":1}},"1":{"start":{"line":12,"column":21},"end":{"line":12,"column":36}},"2":{"start":{"line":13,"column":2},"end":{"line":26,"column":4}},"3":{"start":{"line":19,"column":23},"end":{"line":19,"column":52}},"4":{"start":{"line":22,"column":40},"end":{"line":22,"column":66}}},"fnMap":{"0":{"name":"(anonymous_0)","decl":{"start":{"line":11,"column":26},"end":{"line":11,"column":27}},"loc":{"start":{"line":11,"column":32},"end":{"line":27,"column":1}},"line":11},"1":{"name":"(anonymous_1)","decl":{"start":{"line":19,"column":17},"end":{"line":19,"column":18}},"loc":{"start":{"line":19,"column":23},"end":{"line":19,"column":52}},"line":19},"2":{"name":"(anonymous_2)","decl":{"start":{"line":22,"column":34},"end":{"line":22,"column":35}},"loc":{"start":{"line":22,"column":40},"end":{"line":22,"column":66}},"line":22}},"branchMap":{},"s":{"0":2,"1":1,"2":1,"3":1,"4":0},"f":{"0":1,"1":1,"2":0},"b":{},"_coverageSchema":"1a1c01bbd47fc00a2c39e90264f33305004495a9","hash":"8134f1890e867cb52191725a7cddb3adb5d3eb28"}
,"/Users/daniel/Documents/DEV/transactions-manager/src/screens/Starter/styles.ts": {"path":"/Users/daniel/Documents/DEV/transactions-manager/src/screens/Starter/styles.ts","statementMap":{"0":{"start":{"line":3,"column":28},"end":{"line":11,"column":1}},"1":{"start":{"line":4,"column":24},"end":{"line":4,"column":43}},"2":{"start":{"line":13,"column":33},"end":{"line":15,"column":1}},"3":{"start":{"line":17,"column":31},"end":{"line":24,"column":1}},"4":{"start":{"line":19,"column":24},"end":{"line":19,"column":43}}},"fnMap":{"0":{"name":"(anonymous_0)","decl":{"start":{"line":4,"column":11},"end":{"line":4,"column":12}},"loc":{"start":{"line":4,"column":24},"end":{"line":4,"column":43}},"line":4},"1":{"name":"(anonymous_1)","decl":{"start":{"line":19,"column":11},"end":{"line":19,"column":12}},"loc":{"start":{"line":19,"column":24},"end":{"line":19,"column":43}},"line":19}},"branchMap":{},"s":{"0":2,"1":1,"2":2,"3":2,"4":1},"f":{"0":1,"1":1},"b":{},"_coverageSchema":"1a1c01bbd47fc00a2c39e90264f33305004495a9","hash":"ff2abf642b217b7ce902da81fb2a96b85e34ba23"}
,"/Users/daniel/Documents/DEV/transactions-manager/src/styles/baseStyles.ts": {"path":"/Users/daniel/Documents/DEV/transactions-manager/src/styles/baseStyles.ts","statementMap":{"0":{"start":{"line":4,"column":30},"end":{"line":8,"column":1}},"1":{"start":{"line":6,"column":35},"end":{"line":6,"column":51}},"2":{"start":{"line":10,"column":29},"end":{"line":14,"column":1}},"3":{"start":{"line":16,"column":23},"end":{"line":21,"column":1}},"4":{"start":{"line":17,"column":24},"end":{"line":17,"column":43}},"5":{"start":{"line":23,"column":25},"end":{"line":25,"column":1}},"6":{"start":{"line":24,"column":20},"end":{"line":24,"column":45}},"7":{"start":{"line":31,"column":20},"end":{"line":37,"column":1}},"8":{"start":{"line":34,"column":24},"end":{"line":34,"column":52}},"9":{"start":{"line":35,"column":25},"end":{"line":35,"column":53}},"10":{"start":{"line":39,"column":22},"end":{"line":44,"column":1}},"11":{"start":{"line":42,"column":29},"end":{"line":42,"column":48}},"12":{"start":{"line":46,"column":26},"end":{"line":53,"column":1}},"13":{"start":{"line":48,"column":24},"end":{"line":48,"column":42}},"14":{"start":{"line":60,"column":27},"end":{"line":73,"column":1}},"15":{"start":{"line":65,"column":24},"end":{"line":65,"column":43}},"16":{"start":{"line":68,"column":38},"end":{"line":68,"column":57}},"17":{"start":{"line":70,"column":4},"end":{"line":70,"column":47}},"18":{"start":{"line":75,"column":26},"end":{"line":88,"column":1}},"19":{"start":{"line":80,"column":24},"end":{"line":80,"column":43}},"20":{"start":{"line":83,"column":38},"end":{"line":83,"column":57}},"21":{"start":{"line":85,"column":4},"end":{"line":85,"column":47}},"22":{"start":{"line":90,"column":25},"end":{"line":97,"column":1}},"23":{"start":{"line":95,"column":24},"end":{"line":95,"column":33}},"24":{"start":{"line":99,"column":35},"end":{"line":106,"column":1}}},"fnMap":{"0":{"name":"(anonymous_0)","decl":{"start":{"line":6,"column":22},"end":{"line":6,"column":23}},"loc":{"start":{"line":6,"column":35},"end":{"line":6,"column":51}},"line":6},"1":{"name":"(anonymous_1)","decl":{"start":{"line":17,"column":11},"end":{"line":17,"column":12}},"loc":{"start":{"line":17,"column":24},"end":{"line":17,"column":43}},"line":17},"2":{"name":"(anonymous_2)","decl":{"start":{"line":24,"column":11},"end":{"line":24,"column":12}},"loc":{"start":{"line":24,"column":20},"end":{"line":24,"column":45}},"line":24},"3":{"name":"(anonymous_3)","decl":{"start":{"line":34,"column":11},"end":{"line":34,"column":12}},"loc":{"start":{"line":34,"column":24},"end":{"line":34,"column":52}},"line":34},"4":{"name":"(anonymous_4)","decl":{"start":{"line":35,"column":12},"end":{"line":35,"column":13}},"loc":{"start":{"line":35,"column":25},"end":{"line":35,"column":53}},"line":35},"5":{"name":"(anonymous_5)","decl":{"start":{"line":42,"column":16},"end":{"line":42,"column":17}},"loc":{"start":{"line":42,"column":29},"end":{"line":42,"column":48}},"line":42},"6":{"name":"(anonymous_6)","decl":{"start":{"line":48,"column":11},"end":{"line":48,"column":12}},"loc":{"start":{"line":48,"column":24},"end":{"line":48,"column":42}},"line":48},"7":{"name":"(anonymous_7)","decl":{"start":{"line":65,"column":11},"end":{"line":65,"column":12}},"loc":{"start":{"line":65,"column":24},"end":{"line":65,"column":43}},"line":65},"8":{"name":"(anonymous_8)","decl":{"start":{"line":68,"column":25},"end":{"line":68,"column":26}},"loc":{"start":{"line":68,"column":38},"end":{"line":68,"column":57}},"line":68},"9":{"name":"(anonymous_9)","decl":{"start":{"line":69,"column":19},"end":{"line":69,"column":20}},"loc":{"start":{"line":70,"column":4},"end":{"line":70,"column":47}},"line":70},"10":{"name":"(anonymous_10)","decl":{"start":{"line":80,"column":11},"end":{"line":80,"column":12}},"loc":{"start":{"line":80,"column":24},"end":{"line":80,"column":43}},"line":80},"11":{"name":"(anonymous_11)","decl":{"start":{"line":83,"column":25},"end":{"line":83,"column":26}},"loc":{"start":{"line":83,"column":38},"end":{"line":83,"column":57}},"line":83},"12":{"name":"(anonymous_12)","decl":{"start":{"line":84,"column":19},"end":{"line":84,"column":20}},"loc":{"start":{"line":85,"column":4},"end":{"line":85,"column":47}},"line":85},"13":{"name":"(anonymous_13)","decl":{"start":{"line":95,"column":11},"end":{"line":95,"column":12}},"loc":{"start":{"line":95,"column":24},"end":{"line":95,"column":33}},"line":95}},"branchMap":{"0":{"loc":{"start":{"line":34,"column":24},"end":{"line":34,"column":52}},"type":"cond-expr","locations":[{"start":{"line":34,"column":31},"end":{"line":34,"column":42}},{"start":{"line":34,"column":45},"end":{"line":34,"column":52}}],"line":34},"1":{"loc":{"start":{"line":35,"column":25},"end":{"line":35,"column":53}},"type":"cond-expr","locations":[{"start":{"line":35,"column":32},"end":{"line":35,"column":43}},{"start":{"line":35,"column":46},"end":{"line":35,"column":53}}],"line":35},"2":{"loc":{"start":{"line":70,"column":4},"end":{"line":70,"column":47}},"type":"cond-expr","locations":[{"start":{"line":70,"column":19},"end":{"line":70,"column":38}},{"start":{"line":70,"column":41},"end":{"line":70,"column":47}}],"line":70},"3":{"loc":{"start":{"line":85,"column":4},"end":{"line":85,"column":47}},"type":"cond-expr","locations":[{"start":{"line":85,"column":19},"end":{"line":85,"column":38}},{"start":{"line":85,"column":41},"end":{"line":85,"column":47}}],"line":85}},"s":{"0":4,"1":4,"2":4,"3":4,"4":2,"5":4,"6":0,"7":4,"8":3,"9":3,"10":4,"11":42,"12":4,"13":42,"14":4,"15":42,"16":42,"17":42,"18":4,"19":9,"20":9,"21":9,"22":4,"23":20,"24":4},"f":{"0":4,"1":2,"2":0,"3":3,"4":3,"5":42,"6":42,"7":42,"8":42,"9":42,"10":9,"11":9,"12":9,"13":20},"b":{"0":[1,2],"1":[1,2],"2":[0,42],"3":[0,9]},"_coverageSchema":"1a1c01bbd47fc00a2c39e90264f33305004495a9","hash":"744a6986141cc485be6e560ec234170a531a1550"}
,"/Users/daniel/Documents/DEV/transactions-manager/src/styles/colors.ts": {"path":"/Users/daniel/Documents/DEV/transactions-manager/src/styles/colors.ts","statementMap":{"0":{"start":{"line":1,"column":22},"end":{"line":13,"column":1}},"1":{"start":{"line":15,"column":30},"end":{"line":17,"column":1}}},"fnMap":{},"branchMap":{},"s":{"0":4,"1":4},"f":{},"b":{},"_coverageSchema":"1a1c01bbd47fc00a2c39e90264f33305004495a9","hash":"af9220d3e85a63071de25d1c49b26f3fc5c0629d"}
}
