TN:
SF:src/index.tsx
FN:8,(anonymous_0)
FNF:1
FNH:1
FNDA:2,(anonymous_0)
DA:8,2
DA:9,2
LF:2
LH:2
BRF:0
BRH:0
end_of_record
TN:
SF:src/assets/index.ts
FNF:0
FNH:0
LF:0
LH:0
BRF:0
BRH:0
end_of_record
TN:
SF:src/assets/logo.png
FNF:0
FNH:0
DA:1,2
LF:1
LH:1
BRF:0
BRH:0
end_of_record
TN:
SF:src/components/index.ts
FNF:0
FNH:0
LF:0
LH:0
BRF:0
BRH:0
end_of_record
TN:
SF:src/components/KeyboardAvoidingView/index.tsx
FN:10,(anonymous_0)
FNF:1
FNH:1
FNDA:1,(anonymous_0)
DA:10,3
DA:11,1
LF:2
LH:2
BRDA:13,0,0,1
BRDA:13,0,1,0
BRDA:14,1,0,1
BRDA:14,1,1,0
BRDA:15,2,0,1
BRDA:15,2,1,1
BRF:6
BRH:4
end_of_record
TN:
SF:src/components/LeftHeaderIcon/index.tsx
FN:13,(anonymous_0)
FN:19,(anonymous_1)
FNF:2
FNH:2
FNDA:1,(anonymous_0)
FNDA:1,(anonymous_1)
DA:9,3
DA:13,3
DA:14,1
DA:15,1
DA:19,1
LF:5
LH:5
BRF:0
BRH:0
end_of_record
TN:
SF:src/components/StepIndicator/index.tsx
FN:13,(anonymous_0)
FNF:1
FNH:1
FNDA:31,(anonymous_0)
DA:13,3
DA:18,31
LF:2
LH:2
BRDA:22,0,0,31
BRDA:22,0,1,31
BRF:2
BRH:2
end_of_record
TN:
SF:src/components/StepIndicator/styles.ts
FNF:0
FNH:0
DA:3,3
LF:1
LH:1
BRF:0
BRH:0
end_of_record
TN:
SF:src/helpers/isValidCpf.ts
FN:1,(anonymous_0)
FNF:1
FNH:1
FNDA:8,(anonymous_0)
DA:1,4
DA:2,8
DA:3,8
DA:4,8
DA:18,0
DA:20,8
DA:22,8
DA:23,72
DA:24,8
DA:25,8
DA:26,8
DA:27,8
DA:28,8
DA:29,80
DA:30,8
DA:31,8
DA:32,8
DA:33,6
LF:18
LH:17
BRDA:2,0,0,0
BRDA:2,0,1,8
BRDA:4,1,0,0
BRDA:4,1,1,8
BRDA:5,2,0,8
BRDA:5,2,1,8
BRDA:5,2,2,8
BRDA:5,2,3,8
BRDA:5,2,4,8
BRDA:5,2,5,8
BRDA:5,2,6,8
BRDA:5,2,7,8
BRDA:5,2,8,8
BRDA:5,2,9,8
BRDA:5,2,10,8
BRDA:5,2,11,8
BRDA:25,3,0,0
BRDA:25,3,1,8
BRDA:25,4,0,8
BRDA:25,4,1,8
BRDA:26,5,0,0
BRDA:26,5,1,8
BRDA:31,6,0,0
BRDA:31,6,1,8
BRDA:31,7,0,8
BRDA:31,7,1,8
BRDA:32,8,0,2
BRDA:32,8,1,6
BRF:28
BRH:23
end_of_record
TN:
SF:src/helpers/removeFalsy.ts
FN:1,(anonymous_0)
FN:3,(anonymous_1)
FNF:2
FNH:2
FNDA:17,(anonymous_0)
FNDA:58,(anonymous_1)
DA:1,4
DA:2,17
DA:3,17
DA:4,58
DA:5,8
DA:8,17
LF:6
LH:6
BRDA:4,0,0,8
BRDA:4,0,1,50
BRF:2
BRH:2
end_of_record
TN:
SF:src/locales/brazilianPortuguese.ts
FNF:0
FNH:0
DA:1,4
LF:1
LH:1
BRF:0
BRH:0
end_of_record
TN:
SF:src/locales/english.ts
FNF:0
FNH:0
DA:1,4
LF:1
LH:1
BRF:0
BRH:0
end_of_record
TN:
SF:src/locales/index.tsx
FN:12,(anonymous_0)
FNF:1
FNH:1
FNDA:117,(anonymous_0)
DA:7,4
DA:12,4
DA:13,117
DA:14,117
DA:15,117
DA:18,117
DA:19,117
LF:7
LH:7
BRDA:15,0,0,117
BRDA:15,0,1,0
BRDA:19,1,0,117
BRDA:19,1,1,0
BRF:4
BRH:2
end_of_record
TN:
SF:src/routes/index.tsx
FN:33,(anonymous_0)
FNF:1
FNH:1
FNDA:2,(anonymous_0)
DA:15,2
DA:33,2
DA:34,2
DA:35,2
LF:4
LH:4
BRF:0
BRH:0
end_of_record
TN:
SF:src/routes/types.ts
FNF:0
FNH:0
DA:1,2
LF:1
LH:1
BRF:0
BRH:0
end_of_record
TN:
SF:src/screens/Home/index.tsx
FN:6,(anonymous_0)
FNF:1
FNH:0
FNDA:0,(anonymous_0)
DA:6,2
DA:7,0
LF:2
LH:1
BRF:0
BRH:0
end_of_record
TN:
SF:src/screens/Login/LoginForm.tsx
FN:12,(anonymous_0)
FN:20,(anonymous_1)
FN:36,(anonymous_2)
FN:52,(anonymous_3)
FN:77,(anonymous_4)
FNF:5
FNH:4
FNDA:11,(anonymous_0)
FNDA:5,(anonymous_1)
FNDA:1,(anonymous_2)
FNDA:0,(anonymous_3)
FNDA:1,(anonymous_4)
DA:12,3
DA:13,11
DA:14,11
DA:21,5
DA:25,5
DA:26,5
DA:27,5
DA:28,0
DA:29,5
DA:30,1
DA:31,5
DA:32,5
DA:33,3
DA:34,5
DA:37,1
DA:42,11
DA:52,0
DA:78,1
LF:18
LH:16
BRDA:26,0,0,0
BRDA:26,0,1,5
BRDA:27,1,0,0
BRDA:27,1,1,5
BRDA:27,2,0,5
BRDA:27,2,1,5
BRDA:29,3,0,1
BRDA:29,3,1,4
BRDA:29,4,0,5
BRDA:29,4,1,5
BRDA:31,5,0,2
BRDA:31,5,1,3
BRDA:32,6,0,3
BRDA:32,6,1,2
BRDA:54,7,0,11
BRDA:54,7,1,2
BRDA:71,8,0,11
BRDA:71,8,1,6
BRF:18
BRH:16
end_of_record
TN:
SF:src/screens/Login/index.tsx
FN:11,(anonymous_0)
FNF:1
FNH:0
FNDA:0,(anonymous_0)
DA:11,2
DA:12,0
LF:2
LH:1
BRF:0
BRH:0
end_of_record
TN:
SF:src/screens/Login/styles.ts
FNF:0
FNH:0
DA:3,3
DA:5,3
DA:10,3
LF:3
LH:3
BRF:0
BRH:0
end_of_record
TN:
SF:src/screens/Preload/index.tsx
FN:17,(anonymous_0)
FN:19,(anonymous_1)
FN:22,(anonymous_2)
FN:30,(anonymous_3)
FNF:4
FNH:4
FNDA:2,(anonymous_0)
FNDA:2,(anonymous_1)
FNDA:1,(anonymous_2)
FNDA:2,(anonymous_3)
DA:11,2
DA:17,2
DA:18,2
DA:19,2
DA:20,2
DA:22,2
DA:23,1
DA:24,0
DA:26,1
DA:30,2
DA:31,2
DA:34,2
LF:12
LH:11
BRDA:23,0,0,0
BRDA:23,0,1,1
BRF:2
BRH:1
end_of_record
TN:
SF:src/screens/Register/RegistrationForm.tsx
FN:19,(anonymous_0)
FN:30,(anonymous_1)
FN:67,(anonymous_2)
FN:69,(anonymous_3)
FN:72,(anonymous_4)
FN:78,(anonymous_5)
FN:110,(anonymous_6)
FN:170,(anonymous_7)
FNF:8
FNH:5
FNDA:35,(anonymous_0)
FNDA:12,(anonymous_1)
FNDA:4,(anonymous_2)
FNDA:0,(anonymous_3)
FNDA:0,(anonymous_4)
FNDA:0,(anonymous_5)
FNDA:1,(anonymous_6)
FNDA:5,(anonymous_7)
DA:19,3
DA:20,35
DA:22,35
DA:31,12
DA:37,12
DA:38,12
DA:39,12
DA:44,0
DA:45,12
DA:50,1
DA:51,12
DA:53,12
DA:54,12
DA:55,1
DA:56,12
DA:57,0
DA:58,12
DA:63,1
DA:65,12
DA:68,4
DA:69,1
DA:71,3
DA:72,3
DA:78,35
DA:79,0
DA:80,0
DA:83,35
DA:111,1
DA:171,5
LF:29
LH:25
BRDA:38,0,0,0
BRDA:38,0,1,12
BRDA:38,1,0,12
BRDA:38,1,1,3
BRDA:39,2,0,0
BRDA:39,2,1,12
BRDA:40,3,0,12
BRDA:40,3,1,3
BRDA:40,3,2,3
BRDA:45,4,0,1
BRDA:45,4,1,11
BRDA:46,5,0,12
BRDA:46,5,1,3
BRDA:46,5,2,3
BRDA:51,6,0,1
BRDA:51,6,1,11
BRDA:51,7,0,12
BRDA:51,7,1,3
BRDA:53,8,0,0
BRDA:53,8,1,12
BRDA:53,9,0,12
BRDA:53,9,1,3
BRDA:54,10,0,1
BRDA:54,10,1,11
BRDA:54,11,0,12
BRDA:54,11,1,3
BRDA:56,12,0,0
BRDA:56,12,1,12
BRDA:56,13,0,12
BRDA:56,13,1,3
BRDA:58,14,0,1
BRDA:58,14,1,11
BRDA:59,15,0,12
BRDA:59,15,1,3
BRDA:59,15,2,3
BRDA:68,16,0,1
BRDA:68,16,1,3
BRDA:79,17,0,0
BRDA:79,17,1,0
BRDA:80,18,0,0
BRDA:80,18,1,0
BRDA:85,19,0,35
BRDA:85,19,1,9
BRDA:97,20,0,9
BRDA:97,20,1,3
BRDA:102,21,0,35
BRDA:102,21,1,10
BRDA:114,22,0,10
BRDA:114,22,1,4
BRDA:119,23,0,35
BRDA:119,23,1,8
BRDA:134,24,0,8
BRDA:134,24,1,3
BRDA:139,25,0,35
BRDA:139,25,1,8
BRDA:154,26,0,8
BRDA:154,26,1,3
BRF:57
BRH:49
end_of_record
TN:
SF:src/screens/Register/index.tsx
FN:10,(anonymous_0)
FNF:1
FNH:1
FNDA:1,(anonymous_0)
DA:10,2
DA:11,1
LF:2
LH:2
BRF:0
BRH:0
end_of_record
TN:
SF:src/screens/Register/styles.ts
FN:6,(anonymous_0)
FNF:1
FNH:1
FNDA:1,(anonymous_0)
DA:3,3
DA:5,3
DA:6,1
DA:15,3
LF:4
LH:4
BRF:0
BRH:0
end_of_record
TN:
SF:src/screens/Starter/index.tsx
FN:11,(anonymous_0)
FN:19,(anonymous_1)
FN:22,(anonymous_2)
FNF:3
FNH:2
FNDA:1,(anonymous_0)
FNDA:1,(anonymous_1)
FNDA:0,(anonymous_2)
DA:11,2
DA:12,1
DA:13,1
DA:19,1
DA:22,0
LF:5
LH:4
BRF:0
BRH:0
end_of_record
TN:
SF:src/screens/Starter/styles.ts
FN:4,(anonymous_0)
FN:19,(anonymous_1)
FNF:2
FNH:2
FNDA:1,(anonymous_0)
FNDA:1,(anonymous_1)
DA:3,2
DA:4,1
DA:13,2
DA:17,2
DA:19,1
LF:5
LH:5
BRF:0
BRH:0
end_of_record
TN:
SF:src/styles/baseStyles.ts
FN:6,(anonymous_0)
FN:17,(anonymous_1)
FN:24,(anonymous_2)
FN:34,(anonymous_3)
FN:35,(anonymous_4)
FN:42,(anonymous_5)
FN:48,(anonymous_6)
FN:65,(anonymous_7)
FN:68,(anonymous_8)
FN:69,(anonymous_9)
FN:80,(anonymous_10)
FN:83,(anonymous_11)
FN:84,(anonymous_12)
FN:95,(anonymous_13)
FNF:14
FNH:13
FNDA:4,(anonymous_0)
FNDA:2,(anonymous_1)
FNDA:0,(anonymous_2)
FNDA:3,(anonymous_3)
FNDA:3,(anonymous_4)
FNDA:42,(anonymous_5)
FNDA:42,(anonymous_6)
FNDA:42,(anonymous_7)
FNDA:42,(anonymous_8)
FNDA:42,(anonymous_9)
FNDA:9,(anonymous_10)
FNDA:9,(anonymous_11)
FNDA:9,(anonymous_12)
FNDA:20,(anonymous_13)
DA:4,4
DA:6,4
DA:10,4
DA:16,4
DA:17,2
DA:23,4
DA:24,0
DA:31,4
DA:34,3
DA:35,3
DA:39,4
DA:42,42
DA:46,4
DA:48,42
DA:60,4
DA:65,42
DA:68,42
DA:70,42
DA:75,4
DA:80,9
DA:83,9
DA:85,9
DA:90,4
DA:95,20
DA:99,4
LF:25
LH:24
BRDA:34,0,0,1
BRDA:34,0,1,2
BRDA:35,1,0,1
BRDA:35,1,1,2
BRDA:70,2,0,0
BRDA:70,2,1,42
BRDA:85,3,0,0
BRDA:85,3,1,9
BRF:8
BRH:6
end_of_record
TN:
SF:src/styles/colors.ts
FNF:0
FNH:0
DA:1,4
DA:15,4
LF:2
LH:2
BRF:0
BRH:0
end_of_record
