TN:
SF:src/index.tsx
FN:11,(anonymous_0)
FNF:1
FNH:1
FNDA:2,(anonymous_0)
DA:11,2
DA:12,2
LF:2
LH:2
BRF:0
BRH:0
end_of_record
TN:
SF:src/assets/index.ts
FNF:0
FNH:0
LF:0
LH:0
BRF:0
BRH:0
end_of_record
TN:
SF:src/assets/logo.png
FNF:0
FNH:0
DA:1,2
LF:1
LH:1
BRF:0
BRH:0
end_of_record
TN:
SF:src/components/index.ts
FNF:0
FNH:0
LF:0
LH:0
BRF:0
BRH:0
end_of_record
TN:
SF:src/components/KeyboardAvoidingView/index.tsx
FN:10,(anonymous_0)
FNF:1
FNH:1
FNDA:1,(anonymous_0)
DA:10,3
DA:11,1
LF:2
LH:2
BRDA:13,0,0,1
BRDA:13,0,1,0
BRDA:14,1,0,1
BRDA:14,1,1,0
BRDA:15,2,0,1
BRDA:15,2,1,1
BRF:6
BRH:4
end_of_record
TN:
SF:src/components/LeftHeaderIcon/index.tsx
FN:12,(anonymous_0)
FN:17,(anonymous_1)
FNF:2
FNH:2
FNDA:1,(anonymous_0)
FNDA:1,(anonymous_1)
DA:8,3
DA:12,3
DA:13,1
DA:17,1
LF:4
LH:4
BRF:0
BRH:0
end_of_record
TN:
SF:src/components/StepIndicator/index.tsx
FN:13,(anonymous_0)
FNF:1
FNH:1
FNDA:31,(anonymous_0)
DA:13,3
DA:18,31
LF:2
LH:2
BRDA:22,0,0,31
BRDA:22,0,1,31
BRF:2
BRH:2
end_of_record
TN:
SF:src/components/StepIndicator/styles.ts
FNF:0
FNH:0
DA:3,3
LF:1
LH:1
BRF:0
BRH:0
end_of_record
TN:
SF:src/contexts/user.tsx
FN:30,(anonymous_0)
FN:33,setContextTransactions
FN:37,setContextUser
FN:55,useUser
FNF:4
FNH:2
FNDA:2,(anonymous_0)
FNDA:0,setContextTransactions
FNDA:0,setContextUser
FNDA:48,useUser
DA:28,4
DA:30,4
DA:31,2
DA:32,2
DA:34,0
DA:38,0
DA:39,0
DA:42,2
DA:56,48
DA:58,48
DA:59,0
DA:62,48
LF:12
LH:8
BRDA:58,0,0,0
BRDA:58,0,1,48
BRF:2
BRH:1
end_of_record
TN:
SF:src/helpers/flashMessage.ts
FN:3,(anonymous_0)
FN:13,(anonymous_1)
FNF:2
FNH:0
FNDA:0,(anonymous_0)
FNDA:0,(anonymous_1)
DA:3,4
DA:4,0
DA:13,4
DA:14,0
LF:4
LH:2
BRF:0
BRH:0
end_of_record
TN:
SF:src/helpers/isValidCpf.ts
FN:1,(anonymous_0)
FNF:1
FNH:1
FNDA:8,(anonymous_0)
DA:1,4
DA:2,8
DA:3,8
DA:4,8
DA:18,0
DA:20,8
DA:22,8
DA:23,72
DA:24,8
DA:25,8
DA:26,8
DA:27,8
DA:28,8
DA:29,80
DA:30,8
DA:31,8
DA:32,8
DA:33,6
LF:18
LH:17
BRDA:2,0,0,0
BRDA:2,0,1,8
BRDA:4,1,0,0
BRDA:4,1,1,8
BRDA:5,2,0,8
BRDA:5,2,1,8
BRDA:5,2,2,8
BRDA:5,2,3,8
BRDA:5,2,4,8
BRDA:5,2,5,8
BRDA:5,2,6,8
BRDA:5,2,7,8
BRDA:5,2,8,8
BRDA:5,2,9,8
BRDA:5,2,10,8
BRDA:5,2,11,8
BRDA:25,3,0,0
BRDA:25,3,1,8
BRDA:25,4,0,8
BRDA:25,4,1,8
BRDA:26,5,0,0
BRDA:26,5,1,8
BRDA:31,6,0,0
BRDA:31,6,1,8
BRDA:31,7,0,8
BRDA:31,7,1,8
BRDA:32,8,0,2
BRDA:32,8,1,6
BRF:28
BRH:23
end_of_record
TN:
SF:src/helpers/removeFalsy.ts
FN:1,(anonymous_0)
FN:3,(anonymous_1)
FNF:2
FNH:2
FNDA:17,(anonymous_0)
FNDA:58,(anonymous_1)
DA:1,4
DA:2,17
DA:3,17
DA:4,58
DA:5,8
DA:8,17
LF:6
LH:6
BRDA:4,0,0,8
BRDA:4,0,1,50
BRF:2
BRH:2
end_of_record
TN:
SF:src/helpers/resetScreen.ts
FN:3,(anonymous_0)
FNF:1
FNH:0
FNDA:0,(anonymous_0)
DA:3,4
DA:4,0
LF:2
LH:1
BRF:0
BRH:0
end_of_record
TN:
SF:src/locales/brazilianPortuguese.ts
FNF:0
FNH:0
DA:1,4
LF:1
LH:1
BRF:0
BRH:0
end_of_record
TN:
SF:src/locales/english.ts
FNF:0
FNH:0
DA:1,4
LF:1
LH:1
BRF:0
BRH:0
end_of_record
TN:
SF:src/locales/index.tsx
FN:12,(anonymous_0)
FNF:1
FNH:1
FNDA:117,(anonymous_0)
DA:7,4
DA:12,4
DA:13,117
DA:14,117
DA:15,117
DA:18,117
DA:19,117
LF:7
LH:7
BRDA:15,0,0,117
BRDA:15,0,1,0
BRDA:19,1,0,117
BRDA:19,1,1,0
BRF:4
BRH:2
end_of_record
TN:
SF:src/routes/index.tsx
FN:18,MyTabs
FN:36,(anonymous_1)
FN:43,(anonymous_2)
FN:52,(anonymous_3)
FN:59,(anonymous_4)
FNF:5
FNH:1
FNDA:0,MyTabs
FNDA:0,(anonymous_1)
FNDA:0,(anonymous_2)
FNDA:0,(anonymous_3)
FNDA:2,(anonymous_4)
DA:19,0
DA:21,0
DA:36,0
DA:44,0
DA:52,0
DA:59,2
DA:60,2
DA:61,2
LF:8
LH:3
BRF:0
BRH:0
end_of_record
TN:
SF:src/routes/types.ts
FNF:0
FNH:0
DA:1,4
LF:1
LH:1
BRF:0
BRH:0
end_of_record
TN:
SF:src/screens/Config/index.tsx
FN:15,(anonymous_0)
FN:16,(anonymous_1)
FNF:2
FNH:0
FNDA:0,(anonymous_0)
FNDA:0,(anonymous_1)
DA:10,2
DA:15,2
DA:16,0
DA:17,0
DA:18,0
DA:20,0
LF:6
LH:2
BRF:0
BRH:0
end_of_record
TN:
SF:src/screens/Financial/FinancialForm.tsx
FN:28,(anonymous_0)
FN:32,(anonymous_1)
FN:44,(anonymous_2)
FN:64,(anonymous_3)
FN:105,(anonymous_4)
FN:114,(anonymous_5)
FN:120,(anonymous_6)
FN:152,(anonymous_7)
FNF:8
FNH:0
FNDA:0,(anonymous_0)
FNDA:0,(anonymous_1)
FNDA:0,(anonymous_2)
FNDA:0,(anonymous_3)
FNDA:0,(anonymous_4)
FNDA:0,(anonymous_5)
FNDA:0,(anonymous_6)
FNDA:0,(anonymous_7)
DA:28,2
DA:29,0
DA:30,0
DA:32,0
DA:37,0
DA:45,0
DA:48,0
DA:49,0
DA:50,0
DA:52,0
DA:56,0
DA:65,0
DA:71,0
DA:72,0
DA:73,0
DA:78,0
DA:79,0
DA:84,0
DA:85,0
DA:86,0
DA:88,0
DA:89,0
DA:94,0
DA:95,0
DA:96,0
DA:97,0
DA:98,0
DA:102,0
DA:103,0
DA:106,0
DA:107,0
DA:113,0
DA:114,0
DA:120,0
DA:121,0
DA:122,0
DA:125,0
DA:152,0
LF:38
LH:1
BRDA:48,0,0,0
BRDA:48,0,1,0
BRDA:72,1,0,0
BRDA:72,1,1,0
BRDA:72,2,0,0
BRDA:72,2,1,0
BRDA:73,3,0,0
BRDA:73,3,1,0
BRDA:74,4,0,0
BRDA:74,4,1,0
BRDA:74,4,2,0
BRDA:79,5,0,0
BRDA:79,5,1,0
BRDA:80,6,0,0
BRDA:80,6,1,0
BRDA:80,6,2,0
BRDA:85,7,0,0
BRDA:85,7,1,0
BRDA:85,8,0,0
BRDA:85,8,1,0
BRDA:88,9,0,0
BRDA:88,9,1,0
BRDA:88,10,0,0
BRDA:88,10,1,0
BRDA:89,11,0,0
BRDA:89,11,1,0
BRDA:90,12,0,0
BRDA:90,12,1,0
BRDA:95,13,0,0
BRDA:95,13,1,0
BRDA:95,14,0,0
BRDA:95,14,1,0
BRDA:96,15,0,0
BRDA:96,15,1,0
BRDA:96,16,0,0
BRDA:96,16,1,0
BRDA:98,17,0,0
BRDA:98,17,1,0
BRDA:99,18,0,0
BRDA:99,18,1,0
BRDA:106,19,0,0
BRDA:106,19,1,0
BRDA:121,20,0,0
BRDA:121,20,1,0
BRDA:122,21,0,0
BRDA:122,21,1,0
BRDA:127,22,0,0
BRDA:127,22,1,0
BRDA:139,23,0,0
BRDA:139,23,1,0
BRDA:144,24,0,0
BRDA:144,24,1,0
BRDA:154,25,0,0
BRDA:154,25,1,0
BRDA:161,26,0,0
BRDA:161,26,1,0
BRDA:180,27,0,0
BRDA:180,27,1,0
BRDA:187,28,0,0
BRDA:187,28,1,0
BRDA:202,29,0,0
BRDA:202,29,1,0
BRF:62
BRH:0
end_of_record
TN:
SF:src/screens/Financial/index.tsx
FN:18,(anonymous_0)
FN:27,(anonymous_1)
FN:33,(anonymous_2)
FNF:3
FNH:0
FNDA:0,(anonymous_0)
FNDA:0,(anonymous_1)
FNDA:0,(anonymous_2)
DA:13,2
DA:18,2
DA:19,0
DA:20,0
DA:27,0
DA:33,0
LF:6
LH:2
BRDA:23,0,0,0
BRDA:23,0,1,0
BRF:2
BRH:0
end_of_record
TN:
SF:src/screens/Financial/styles.ts
FN:9,(anonymous_0)
FNF:1
FNH:0
FNDA:0,(anonymous_0)
DA:3,2
DA:7,2
DA:9,0
DA:16,2
LF:4
LH:3
BRF:0
BRH:0
end_of_record
TN:
SF:src/screens/Home/index.tsx
FN:21,(anonymous_0)
FN:25,(anonymous_1)
FN:27,(anonymous_2)
FN:29,(anonymous_3)
FN:37,(anonymous_4)
FN:38,(anonymous_5)
FN:66,(anonymous_6)
FN:67,(anonymous_7)
FN:77,(anonymous_8)
FNF:9
FNH:0
FNDA:0,(anonymous_0)
FNDA:0,(anonymous_1)
FNDA:0,(anonymous_2)
FNDA:0,(anonymous_3)
FNDA:0,(anonymous_4)
FNDA:0,(anonymous_5)
FNDA:0,(anonymous_6)
FNDA:0,(anonymous_7)
FNDA:0,(anonymous_8)
DA:21,2
DA:22,0
DA:24,0
DA:26,0
DA:27,0
DA:29,0
DA:33,0
DA:37,0
DA:39,0
DA:66,0
DA:68,0
DA:77,0
LF:12
LH:1
BRDA:26,0,0,0
BRDA:26,0,1,0
BRDA:37,1,0,0
BRDA:37,1,1,0
BRDA:45,2,0,0
BRDA:45,2,1,0
BRDA:71,3,0,0
BRDA:71,3,1,0
BRF:8
BRH:0
end_of_record
TN:
SF:src/screens/Home/styles.ts
FN:8,(anonymous_0)
FN:16,(anonymous_1)
FN:24,(anonymous_2)
FN:31,(anonymous_3)
FN:37,(anonymous_4)
FN:49,(anonymous_5)
FNF:6
FNH:0
FNDA:0,(anonymous_0)
FNDA:0,(anonymous_1)
FNDA:0,(anonymous_2)
FNDA:0,(anonymous_3)
FNDA:0,(anonymous_4)
FNDA:0,(anonymous_5)
DA:3,2
DA:7,2
DA:8,0
DA:15,2
DA:16,0
DA:23,2
DA:24,0
DA:30,2
DA:31,0
DA:36,2
DA:38,0
DA:47,2
DA:49,0
DA:53,2
DA:57,2
LF:15
LH:9
BRDA:38,0,0,0
BRDA:38,0,1,0
BRF:2
BRH:0
end_of_record
TN:
SF:src/screens/Login/LoginForm.tsx
FN:18,(anonymous_0)
FN:22,(anonymous_1)
FN:27,(anonymous_2)
FN:34,(anonymous_3)
FN:50,(anonymous_4)
FN:66,(anonymous_5)
FN:82,(anonymous_6)
FNF:7
FNH:4
FNDA:11,(anonymous_0)
FNDA:0,(anonymous_1)
FNDA:1,(anonymous_2)
FNDA:0,(anonymous_3)
FNDA:5,(anonymous_4)
FNDA:1,(anonymous_5)
FNDA:0,(anonymous_6)
DA:18,3
DA:19,11
DA:20,11
DA:22,11
DA:23,0
DA:24,0
DA:27,11
DA:31,1
DA:34,0
DA:36,0
DA:37,0
DA:38,0
DA:40,0
DA:44,11
DA:51,5
DA:55,5
DA:56,5
DA:57,5
DA:58,0
DA:59,5
DA:60,1
DA:61,5
DA:62,5
DA:63,3
DA:64,5
DA:67,1
DA:72,11
DA:82,0
LF:28
LH:19
BRDA:36,0,0,0
BRDA:36,0,1,0
BRDA:56,1,0,0
BRDA:56,1,1,5
BRDA:57,2,0,0
BRDA:57,2,1,5
BRDA:57,3,0,5
BRDA:57,3,1,5
BRDA:59,4,0,1
BRDA:59,4,1,4
BRDA:59,5,0,5
BRDA:59,5,1,5
BRDA:61,6,0,2
BRDA:61,6,1,3
BRDA:62,7,0,3
BRDA:62,7,1,2
BRDA:84,8,0,11
BRDA:84,8,1,2
BRDA:101,9,0,11
BRDA:101,9,1,6
BRF:20
BRH:16
end_of_record
TN:
SF:src/screens/Login/index.tsx
FN:11,(anonymous_0)
FNF:1
FNH:0
FNDA:0,(anonymous_0)
DA:11,2
DA:12,0
LF:2
LH:1
BRF:0
BRH:0
end_of_record
TN:
SF:src/screens/Login/styles.ts
FNF:0
FNH:0
DA:3,3
DA:5,3
DA:10,3
LF:3
LH:3
BRF:0
BRH:0
end_of_record
TN:
SF:src/screens/Preload/index.tsx
FN:17,(anonymous_0)
FN:19,(anonymous_1)
FN:22,(anonymous_2)
FN:31,(anonymous_3)
FNF:4
FNH:4
FNDA:2,(anonymous_0)
FNDA:2,(anonymous_1)
FNDA:1,(anonymous_2)
FNDA:2,(anonymous_3)
DA:11,2
DA:17,2
DA:18,2
DA:19,2
DA:20,2
DA:21,2
DA:22,2
DA:23,1
DA:24,0
DA:25,0
DA:27,1
DA:31,2
DA:32,2
DA:35,2
LF:14
LH:12
BRDA:23,0,0,0
BRDA:23,0,1,1
BRF:2
BRH:1
end_of_record
TN:
SF:src/screens/Register/RegistrationForm.tsx
FN:26,(anonymous_0)
FN:30,(anonymous_1)
FN:35,(anonymous_2)
FN:42,(anonymous_3)
FN:60,(anonymous_4)
FN:97,(anonymous_5)
FN:106,(anonymous_6)
FN:112,(anonymous_7)
FN:144,(anonymous_8)
FNF:9
FNH:5
FNDA:35,(anonymous_0)
FNDA:0,(anonymous_1)
FNDA:1,(anonymous_2)
FNDA:0,(anonymous_3)
FNDA:12,(anonymous_4)
FNDA:4,(anonymous_5)
FNDA:0,(anonymous_6)
FNDA:0,(anonymous_7)
FNDA:1,(anonymous_8)
DA:26,3
DA:27,35
DA:28,35
DA:30,35
DA:31,0
DA:32,0
DA:35,35
DA:36,1
DA:42,0
DA:44,0
DA:45,0
DA:46,0
DA:48,0
DA:52,35
DA:61,12
DA:67,12
DA:68,12
DA:69,12
DA:74,0
DA:75,12
DA:80,1
DA:81,12
DA:83,12
DA:84,12
DA:85,1
DA:86,12
DA:87,0
DA:88,12
DA:93,1
DA:95,12
DA:98,4
DA:99,1
DA:105,3
DA:106,3
DA:112,35
DA:113,0
DA:114,0
DA:117,35
DA:145,1
LF:39
LH:28
BRDA:44,0,0,0
BRDA:44,0,1,0
BRDA:68,1,0,0
BRDA:68,1,1,12
BRDA:68,2,0,12
BRDA:68,2,1,3
BRDA:69,3,0,0
BRDA:69,3,1,12
BRDA:70,4,0,12
BRDA:70,4,1,3
BRDA:70,4,2,3
BRDA:75,5,0,1
BRDA:75,5,1,11
BRDA:76,6,0,12
BRDA:76,6,1,3
BRDA:76,6,2,3
BRDA:81,7,0,1
BRDA:81,7,1,11
BRDA:81,8,0,12
BRDA:81,8,1,3
BRDA:83,9,0,0
BRDA:83,9,1,12
BRDA:83,10,0,12
BRDA:83,10,1,3
BRDA:84,11,0,1
BRDA:84,11,1,11
BRDA:84,12,0,12
BRDA:84,12,1,3
BRDA:86,13,0,0
BRDA:86,13,1,12
BRDA:86,14,0,12
BRDA:86,14,1,3
BRDA:88,15,0,1
BRDA:88,15,1,11
BRDA:89,16,0,12
BRDA:89,16,1,3
BRDA:89,16,2,3
BRDA:98,17,0,1
BRDA:98,17,1,3
BRDA:113,18,0,0
BRDA:113,18,1,0
BRDA:114,19,0,0
BRDA:114,19,1,0
BRDA:119,20,0,35
BRDA:119,20,1,9
BRDA:131,21,0,9
BRDA:131,21,1,3
BRDA:136,22,0,35
BRDA:136,22,1,10
BRDA:148,23,0,10
BRDA:148,23,1,4
BRDA:153,24,0,35
BRDA:153,24,1,8
BRDA:168,25,0,8
BRDA:168,25,1,3
BRDA:173,26,0,35
BRDA:173,26,1,8
BRDA:188,27,0,8
BRDA:188,27,1,3
BRF:59
BRH:49
end_of_record
TN:
SF:src/screens/Register/index.tsx
FN:10,(anonymous_0)
FNF:1
FNH:1
FNDA:1,(anonymous_0)
DA:10,2
DA:11,1
LF:2
LH:2
BRF:0
BRH:0
end_of_record
TN:
SF:src/screens/Register/styles.ts
FN:6,(anonymous_0)
FNF:1
FNH:1
FNDA:1,(anonymous_0)
DA:3,3
DA:5,3
DA:6,1
DA:15,3
LF:4
LH:4
BRF:0
BRH:0
end_of_record
TN:
SF:src/screens/Starter/index.tsx
FN:10,(anonymous_0)
FN:17,(anonymous_1)
FN:20,(anonymous_2)
FNF:3
FNH:2
FNDA:1,(anonymous_0)
FNDA:1,(anonymous_1)
FNDA:0,(anonymous_2)
DA:10,2
DA:11,1
DA:17,1
DA:20,0
LF:4
LH:3
BRF:0
BRH:0
end_of_record
TN:
SF:src/screens/Starter/styles.ts
FN:4,(anonymous_0)
FN:19,(anonymous_1)
FNF:2
FNH:2
FNDA:1,(anonymous_0)
FNDA:1,(anonymous_1)
DA:3,2
DA:4,1
DA:13,2
DA:17,2
DA:19,1
LF:5
LH:5
BRF:0
BRH:0
end_of_record
TN:
SF:src/services/realm.ts
FN:9,(anonymous_0)
FN:14,(anonymous_1)
FN:15,(anonymous_2)
FN:29,(anonymous_3)
FN:38,(anonymous_4)
FN:44,(anonymous_5)
FN:60,(anonymous_6)
FN:66,(anonymous_7)
FN:71,(anonymous_8)
FN:84,(anonymous_9)
FN:88,(anonymous_10)
FN:93,(anonymous_11)
FN:98,(anonymous_12)
FN:108,(anonymous_13)
FN:118,(anonymous_14)
FN:143,(anonymous_15)
FNF:16
FNH:2
FNDA:1,(anonymous_0)
FNDA:0,(anonymous_1)
FNDA:0,(anonymous_2)
FNDA:0,(anonymous_3)
FNDA:1,(anonymous_4)
FNDA:0,(anonymous_5)
FNDA:0,(anonymous_6)
FNDA:0,(anonymous_7)
FNDA:0,(anonymous_8)
FNDA:0,(anonymous_9)
FNDA:0,(anonymous_10)
FNDA:0,(anonymous_11)
FNDA:0,(anonymous_12)
FNDA:0,(anonymous_13)
FNDA:0,(anonymous_14)
FNDA:0,(anonymous_15)
DA:9,4
DA:13,1
DA:15,0
DA:16,0
DA:23,0
DA:24,0
DA:25,0
DA:26,0
DA:27,0
DA:30,0
DA:31,0
DA:33,0
DA:35,0
DA:38,4
DA:43,1
DA:45,0
DA:46,0
DA:51,0
DA:52,0
DA:53,0
DA:54,0
DA:56,0
DA:57,0
DA:61,0
DA:63,0
DA:66,4
DA:70,0
DA:72,0
DA:73,0
DA:76,0
DA:77,0
DA:78,0
DA:79,0
DA:81,0
DA:85,0
DA:88,4
DA:92,0
DA:94,0
DA:95,0
DA:96,0
DA:97,0
DA:98,0
DA:99,0
DA:108,0
DA:109,0
DA:118,0
DA:119,0
DA:128,0
DA:129,0
DA:130,0
DA:131,0
DA:136,0
DA:137,0
DA:144,0
DA:149,0
LF:55
LH:6
BRDA:30,0,0,0
BRDA:30,0,1,0
BRDA:51,1,0,0
BRDA:51,1,1,0
BRDA:77,2,0,0
BRDA:77,2,1,0
BRDA:97,3,0,0
BRDA:97,3,1,0
BRDA:97,4,0,0
BRDA:97,4,1,0
BRF:10
BRH:0
end_of_record
TN:
SF:src/services/schemas.ts
FNF:0
FNH:0
DA:1,4
DA:19,4
LF:2
LH:2
BRF:0
BRH:0
end_of_record
TN:
SF:src/styles/baseStyles.ts
FN:6,(anonymous_0)
FN:17,(anonymous_1)
FN:24,(anonymous_2)
FN:34,(anonymous_3)
FN:35,(anonymous_4)
FN:42,(anonymous_5)
FN:48,(anonymous_6)
FN:65,(anonymous_7)
FN:68,(anonymous_8)
FN:69,(anonymous_9)
FN:80,(anonymous_10)
FN:83,(anonymous_11)
FN:84,(anonymous_12)
FN:95,(anonymous_13)
FNF:14
FNH:13
FNDA:4,(anonymous_0)
FNDA:2,(anonymous_1)
FNDA:0,(anonymous_2)
FNDA:3,(anonymous_3)
FNDA:3,(anonymous_4)
FNDA:42,(anonymous_5)
FNDA:42,(anonymous_6)
FNDA:42,(anonymous_7)
FNDA:42,(anonymous_8)
FNDA:42,(anonymous_9)
FNDA:9,(anonymous_10)
FNDA:9,(anonymous_11)
FNDA:9,(anonymous_12)
FNDA:20,(anonymous_13)
DA:4,4
DA:6,4
DA:10,4
DA:16,4
DA:17,2
DA:23,4
DA:24,0
DA:31,4
DA:34,3
DA:35,3
DA:39,4
DA:42,42
DA:46,4
DA:48,42
DA:60,4
DA:65,42
DA:68,42
DA:70,42
DA:75,4
DA:80,9
DA:83,9
DA:85,9
DA:90,4
DA:95,20
DA:99,4
LF:25
LH:24
BRDA:34,0,0,1
BRDA:34,0,1,2
BRDA:35,1,0,1
BRDA:35,1,1,2
BRDA:70,2,0,0
BRDA:70,2,1,42
BRDA:85,3,0,0
BRDA:85,3,1,9
BRF:8
BRH:6
end_of_record
TN:
SF:src/styles/colors.ts
FNF:0
FNH:0
DA:1,4
DA:15,4
LF:2
LH:2
BRF:0
BRH:0
end_of_record
